[2021-12-20 09:57:15,552] {taskinstance.py:1035} INFO - Dependencies all met for <TaskInstance: scraping_daft_kildare.scrap_data scheduled__2021-12-19T09:45:00+00:00 [queued]>
[2021-12-20 09:57:17,025] {taskinstance.py:1035} INFO - Dependencies all met for <TaskInstance: scraping_daft_kildare.scrap_data scheduled__2021-12-19T09:45:00+00:00 [queued]>
[2021-12-20 09:57:17,040] {taskinstance.py:1241} INFO - 
--------------------------------------------------------------------------------
[2021-12-20 09:57:17,058] {taskinstance.py:1242} INFO - Starting attempt 1 of 4
[2021-12-20 09:57:17,076] {taskinstance.py:1243} INFO - 
--------------------------------------------------------------------------------
[2021-12-20 09:57:18,132] {taskinstance.py:1262} INFO - Executing <Task(SparkSubmitOperator): scrap_data> on 2021-12-19 09:45:00+00:00
[2021-12-20 09:57:19,149] {standard_task_runner.py:76} INFO - Running: ['***', 'tasks', 'run', 'scraping_daft_kildare', 'scrap_data', 'scheduled__2021-12-19T09:45:00+00:00', '--job-id', '3383', '--raw', '--subdir', 'DAGS_FOLDER/scraping_daft_kildare.py', '--cfg-path', '/tmp/tmpq1e2_hyg', '--error-file', '/tmp/tmp65k0c5y2']
[2021-12-20 09:57:19,196] {standard_task_runner.py:77} INFO - Job 3383: Subtask scrap_data
[2021-12-20 09:57:18,607] {standard_task_runner.py:52} INFO - Started process 3580 to run task
[2021-12-20 09:57:23,227] {logging_mixin.py:109} INFO - Running <TaskInstance: scraping_daft_kildare.scrap_data scheduled__2021-12-19T09:45:00+00:00 [running]> on host a35fe600e898
[2021-12-20 09:57:30,279] {taskinstance.py:1429} INFO - Exporting the following env vars:
AIRFLOW_CTX_DAG_EMAIL=clement.liscoet@gmail.com
AIRFLOW_CTX_DAG_OWNER=clemoni
AIRFLOW_CTX_DAG_ID=scraping_daft_kildare
AIRFLOW_CTX_TASK_ID=scrap_data
AIRFLOW_CTX_EXECUTION_DATE=2021-12-19T09:45:00+00:00
AIRFLOW_CTX_DAG_RUN_ID=scheduled__2021-12-19T09:45:00+00:00
[2021-12-20 09:57:31,572] {base.py:79} INFO - Using connection to: id: spark_default. Host: spark://spark:7077, Port: None, Schema: , Login: ***, Password: ***, extra: {}
[2021-12-20 09:57:31,846] {spark_submit.py:360} INFO - Spark-Submit cmd: spark-submit --master spark://spark:7077 --conf spark.master=spark://spark:7077 --name scrap data --verbose /opt/***/jobs/get_ads_per_county.py kildare
[2021-12-20 10:01:17,722] {spark_submit.py:514} INFO - Using properties file: null
[2021-12-20 10:01:44,450] {spark_submit.py:514} INFO - WARNING: An illegal reflective access operation has occurred
[2021-12-20 10:01:44,499] {spark_submit.py:514} INFO - WARNING: Illegal reflective access by org.apache.spark.unsafe.Platform (file:/home/***/.local/lib/python3.6/site-packages/pyspark/jars/spark-unsafe_2.12-3.2.0.jar) to constructor java.nio.DirectByteBuffer(long,int)
[2021-12-20 10:01:44,531] {spark_submit.py:514} INFO - WARNING: Please consider reporting this to the maintainers of org.apache.spark.unsafe.Platform
[2021-12-20 10:01:44,562] {spark_submit.py:514} INFO - WARNING: Use --illegal-access=warn to enable warnings of further illegal reflective access operations
[2021-12-20 10:01:44,589] {spark_submit.py:514} INFO - WARNING: All illegal access operations will be denied in a future release
[2021-12-20 10:01:52,236] {spark_submit.py:514} INFO - Parsed arguments:
[2021-12-20 10:01:52,247] {spark_submit.py:514} INFO - master                  spark://spark:7077
[2021-12-20 10:01:52,252] {spark_submit.py:514} INFO - deployMode              null
[2021-12-20 10:01:52,258] {spark_submit.py:514} INFO - executorMemory          null
[2021-12-20 10:01:52,269] {spark_submit.py:514} INFO - executorCores           null
[2021-12-20 10:01:52,280] {spark_submit.py:514} INFO - totalExecutorCores      null
[2021-12-20 10:01:52,286] {spark_submit.py:514} INFO - propertiesFile          null
[2021-12-20 10:01:52,300] {spark_submit.py:514} INFO - driverMemory            null
[2021-12-20 10:01:52,308] {spark_submit.py:514} INFO - driverCores             null
[2021-12-20 10:01:52,353] {spark_submit.py:514} INFO - driverExtraClassPath    null
[2021-12-20 10:01:52,402] {spark_submit.py:514} INFO - driverExtraLibraryPath  null
[2021-12-20 10:01:52,469] {spark_submit.py:514} INFO - driverExtraJavaOptions  null
[2021-12-20 10:01:52,500] {spark_submit.py:514} INFO - supervise               false
[2021-12-20 10:01:52,532] {spark_submit.py:514} INFO - queue                   null
[2021-12-20 10:01:52,577] {spark_submit.py:514} INFO - numExecutors            null
[2021-12-20 10:01:52,741] {spark_submit.py:514} INFO - files                   null
[2021-12-20 10:01:52,806] {spark_submit.py:514} INFO - pyFiles                 null
[2021-12-20 10:01:52,855] {spark_submit.py:514} INFO - archives                null
[2021-12-20 10:01:52,885] {spark_submit.py:514} INFO - mainClass               null
[2021-12-20 10:01:52,894] {spark_submit.py:514} INFO - primaryResource         file:/opt/***/jobs/get_ads_per_county.py
[2021-12-20 10:01:52,919] {spark_submit.py:514} INFO - name                    scrap data
[2021-12-20 10:01:52,966] {spark_submit.py:514} INFO - childArgs               [kildare]
[2021-12-20 10:01:53,000] {spark_submit.py:514} INFO - jars                    null
[2021-12-20 10:01:53,041] {spark_submit.py:514} INFO - packages                null
[2021-12-20 10:01:53,077] {spark_submit.py:514} INFO - packagesExclusions      null
[2021-12-20 10:01:53,131] {spark_submit.py:514} INFO - repositories            null
[2021-12-20 10:01:53,174] {spark_submit.py:514} INFO - verbose                 true
[2021-12-20 10:01:53,179] {spark_submit.py:514} INFO - 
[2021-12-20 10:01:53,198] {spark_submit.py:514} INFO - Spark properties used, including those specified through
[2021-12-20 10:01:53,258] {spark_submit.py:514} INFO - --conf and those from the properties file null:
[2021-12-20 10:01:53,275] {spark_submit.py:514} INFO - (spark.master,spark://spark:7077)
[2021-12-20 10:01:53,320] {spark_submit.py:514} INFO - 
[2021-12-20 10:01:53,349] {spark_submit.py:514} INFO - 
[2021-12-20 10:03:20,592] {spark_submit.py:514} INFO - Main class:
[2021-12-20 10:03:20,649] {spark_submit.py:514} INFO - org.apache.spark.deploy.PythonRunner
[2021-12-20 10:03:20,760] {spark_submit.py:514} INFO - Arguments:
[2021-12-20 10:03:20,767] {spark_submit.py:514} INFO - file:/opt/***/jobs/get_ads_per_county.py
[2021-12-20 10:03:20,784] {spark_submit.py:514} INFO - null
[2021-12-20 10:03:20,796] {spark_submit.py:514} INFO - kildare
[2021-12-20 10:03:20,808] {spark_submit.py:514} INFO - --verbose
[2021-12-20 10:03:21,028] {spark_submit.py:514} INFO - Spark config:
[2021-12-20 10:03:21,037] {spark_submit.py:514} INFO - (spark.app.name,scrap data)
[2021-12-20 10:03:21,043] {spark_submit.py:514} INFO - (spark.master,spark://spark:7077)
[2021-12-20 10:03:21,051] {spark_submit.py:514} INFO - (spark.submit.pyFiles,)
[2021-12-20 10:03:21,060] {spark_submit.py:514} INFO - (spark.submit.deployMode,client)
[2021-12-20 10:03:21,093] {spark_submit.py:514} INFO - Classpath elements:
[2021-12-20 10:03:21,103] {spark_submit.py:514} INFO - 
[2021-12-20 10:03:21,151] {spark_submit.py:514} INFO - 
[2021-12-20 10:03:21,161] {spark_submit.py:514} INFO - 
[2021-12-20 10:20:23,277] {spark_submit.py:514} INFO - Using Spark's default log4j profile: org/apache/spark/log4j-defaults.properties
[2021-12-20 10:20:25,660] {spark_submit.py:514} INFO - 21/12/20 10:20:25 INFO SparkContext: Running Spark version 3.2.0
[2021-12-20 10:21:25,216] {spark_submit.py:514} INFO - 21/12/20 10:21:24 WARN NativeCodeLoader: Unable to load native-hadoop library for your platform... using builtin-java classes where applicable
[2021-12-20 10:23:22,801] {base_job.py:230} ERROR - LocalTaskJob heartbeat got an exception
Traceback (most recent call last):
  File "/home/airflow/.local/lib/python3.6/site-packages/sqlalchemy/engine/base.py", line 2336, in _wrap_pool_connect
    return fn()
  File "/home/airflow/.local/lib/python3.6/site-packages/sqlalchemy/pool/base.py", line 364, in connect
    return _ConnectionFairy._checkout(self)
  File "/home/airflow/.local/lib/python3.6/site-packages/sqlalchemy/pool/base.py", line 778, in _checkout
    fairy = _ConnectionRecord.checkout(pool)
  File "/home/airflow/.local/lib/python3.6/site-packages/sqlalchemy/pool/base.py", line 495, in checkout
    rec = pool._do_get()
  File "/home/airflow/.local/lib/python3.6/site-packages/sqlalchemy/pool/impl.py", line 241, in _do_get
    return self._create_connection()
  File "/home/airflow/.local/lib/python3.6/site-packages/sqlalchemy/pool/base.py", line 309, in _create_connection
    return _ConnectionRecord(self)
  File "/home/airflow/.local/lib/python3.6/site-packages/sqlalchemy/pool/base.py", line 440, in __init__
    self.__connect(first_connect_check=True)
  File "/home/airflow/.local/lib/python3.6/site-packages/sqlalchemy/pool/base.py", line 661, in __connect
    pool.logger.debug("Error on connect(): %s", e)
  File "/home/airflow/.local/lib/python3.6/site-packages/sqlalchemy/util/langhelpers.py", line 70, in __exit__
    with_traceback=exc_tb,
  File "/home/airflow/.local/lib/python3.6/site-packages/sqlalchemy/util/compat.py", line 182, in raise_
    raise exception
  File "/home/airflow/.local/lib/python3.6/site-packages/sqlalchemy/pool/base.py", line 656, in __connect
    connection = pool._invoke_creator(self)
  File "/home/airflow/.local/lib/python3.6/site-packages/sqlalchemy/engine/strategies.py", line 114, in connect
    return dialect.connect(*cargs, **cparams)
  File "/home/airflow/.local/lib/python3.6/site-packages/sqlalchemy/engine/default.py", line 508, in connect
    return self.dbapi.connect(*cargs, **cparams)
  File "/home/airflow/.local/lib/python3.6/site-packages/psycopg2/__init__.py", line 122, in connect
    conn = _connect(dsn, connection_factory=connection_factory, **kwasync)
psycopg2.OperationalError: could not translate host name "postgres" to address: Temporary failure in name resolution


The above exception was the direct cause of the following exception:

Traceback (most recent call last):
  File "/home/airflow/.local/lib/python3.6/site-packages/airflow/jobs/base_job.py", line 220, in heartbeat
    session.merge(self)
  File "/home/airflow/.local/lib/python3.6/site-packages/sqlalchemy/orm/session.py", line 2171, in merge
    _resolve_conflict_map=_resolve_conflict_map,
  File "/home/airflow/.local/lib/python3.6/site-packages/sqlalchemy/orm/session.py", line 2244, in _merge
    merged = self.query(mapper.class_).get(key[1])
  File "/home/airflow/.local/lib/python3.6/site-packages/sqlalchemy/orm/query.py", line 1018, in get
    return self._get_impl(ident, loading.load_on_pk_identity)
  File "/home/airflow/.local/lib/python3.6/site-packages/sqlalchemy/orm/query.py", line 1135, in _get_impl
    return db_load_fn(self, primary_key_identity)
  File "/home/airflow/.local/lib/python3.6/site-packages/sqlalchemy/orm/loading.py", line 286, in load_on_pk_identity
    return q.one()
  File "/home/airflow/.local/lib/python3.6/site-packages/sqlalchemy/orm/query.py", line 3490, in one
    ret = self.one_or_none()
  File "/home/airflow/.local/lib/python3.6/site-packages/sqlalchemy/orm/query.py", line 3459, in one_or_none
    ret = list(self)
  File "/home/airflow/.local/lib/python3.6/site-packages/sqlalchemy/orm/query.py", line 3535, in __iter__
    return self._execute_and_instances(context)
  File "/home/airflow/.local/lib/python3.6/site-packages/sqlalchemy/orm/query.py", line 3557, in _execute_and_instances
    querycontext, self._connection_from_session, close_with_result=True
  File "/home/airflow/.local/lib/python3.6/site-packages/sqlalchemy/orm/query.py", line 3572, in _get_bind_args
    mapper=self._bind_mapper(), clause=querycontext.statement, **kw
  File "/home/airflow/.local/lib/python3.6/site-packages/sqlalchemy/orm/query.py", line 3550, in _connection_from_session
    conn = self.session.connection(**kw)
  File "/home/airflow/.local/lib/python3.6/site-packages/sqlalchemy/orm/session.py", line 1145, in connection
    execution_options=execution_options,
  File "/home/airflow/.local/lib/python3.6/site-packages/sqlalchemy/orm/session.py", line 1151, in _connection_for_bind
    engine, execution_options
  File "/home/airflow/.local/lib/python3.6/site-packages/sqlalchemy/orm/session.py", line 433, in _connection_for_bind
    conn = bind._contextual_connect()
  File "/home/airflow/.local/lib/python3.6/site-packages/sqlalchemy/engine/base.py", line 2302, in _contextual_connect
    self._wrap_pool_connect(self.pool.connect, None),
  File "/home/airflow/.local/lib/python3.6/site-packages/sqlalchemy/engine/base.py", line 2340, in _wrap_pool_connect
    e, dialect, self
  File "/home/airflow/.local/lib/python3.6/site-packages/sqlalchemy/engine/base.py", line 1584, in _handle_dbapi_exception_noconnection
    sqlalchemy_exception, with_traceback=exc_info[2], from_=e
  File "/home/airflow/.local/lib/python3.6/site-packages/sqlalchemy/util/compat.py", line 182, in raise_
    raise exception
  File "/home/airflow/.local/lib/python3.6/site-packages/sqlalchemy/engine/base.py", line 2336, in _wrap_pool_connect
    return fn()
  File "/home/airflow/.local/lib/python3.6/site-packages/sqlalchemy/pool/base.py", line 364, in connect
    return _ConnectionFairy._checkout(self)
  File "/home/airflow/.local/lib/python3.6/site-packages/sqlalchemy/pool/base.py", line 778, in _checkout
    fairy = _ConnectionRecord.checkout(pool)
  File "/home/airflow/.local/lib/python3.6/site-packages/sqlalchemy/pool/base.py", line 495, in checkout
    rec = pool._do_get()
  File "/home/airflow/.local/lib/python3.6/site-packages/sqlalchemy/pool/impl.py", line 241, in _do_get
    return self._create_connection()
  File "/home/airflow/.local/lib/python3.6/site-packages/sqlalchemy/pool/base.py", line 309, in _create_connection
    return _ConnectionRecord(self)
  File "/home/airflow/.local/lib/python3.6/site-packages/sqlalchemy/pool/base.py", line 440, in __init__
    self.__connect(first_connect_check=True)
  File "/home/airflow/.local/lib/python3.6/site-packages/sqlalchemy/pool/base.py", line 661, in __connect
    pool.logger.debug("Error on connect(): %s", e)
  File "/home/airflow/.local/lib/python3.6/site-packages/sqlalchemy/util/langhelpers.py", line 70, in __exit__
    with_traceback=exc_tb,
  File "/home/airflow/.local/lib/python3.6/site-packages/sqlalchemy/util/compat.py", line 182, in raise_
    raise exception
  File "/home/airflow/.local/lib/python3.6/site-packages/sqlalchemy/pool/base.py", line 656, in __connect
    connection = pool._invoke_creator(self)
  File "/home/airflow/.local/lib/python3.6/site-packages/sqlalchemy/engine/strategies.py", line 114, in connect
    return dialect.connect(*cargs, **cparams)
  File "/home/airflow/.local/lib/python3.6/site-packages/sqlalchemy/engine/default.py", line 508, in connect
    return self.dbapi.connect(*cargs, **cparams)
  File "/home/airflow/.local/lib/python3.6/site-packages/psycopg2/__init__.py", line 122, in connect
    conn = _connect(dsn, connection_factory=connection_factory, **kwasync)
sqlalchemy.exc.OperationalError: (psycopg2.OperationalError) could not translate host name "postgres" to address: Temporary failure in name resolution

(Background on this error at: http://sqlalche.me/e/13/e3q8)
