[2021-12-26 10:58:00,623] {taskinstance.py:1035} INFO - Dependencies all met for <TaskInstance: scraping_daft_tipperary.scrap_data scheduled__2021-12-25T10:50:00+00:00 [queued]>
[2021-12-26 10:58:00,933] {taskinstance.py:1035} INFO - Dependencies all met for <TaskInstance: scraping_daft_tipperary.scrap_data scheduled__2021-12-25T10:50:00+00:00 [queued]>
[2021-12-26 10:58:00,945] {taskinstance.py:1241} INFO - 
--------------------------------------------------------------------------------
[2021-12-26 10:58:00,959] {taskinstance.py:1242} INFO - Starting attempt 1 of 4
[2021-12-26 10:58:00,969] {taskinstance.py:1243} INFO - 
--------------------------------------------------------------------------------
[2021-12-26 10:58:01,371] {taskinstance.py:1262} INFO - Executing <Task(SparkSubmitOperator): scrap_data> on 2021-12-25 10:50:00+00:00
[2021-12-26 10:58:01,806] {standard_task_runner.py:76} INFO - Running: ['***', 'tasks', 'run', 'scraping_daft_tipperary', 'scrap_data', 'scheduled__2021-12-25T10:50:00+00:00', '--job-id', '4696', '--raw', '--subdir', 'DAGS_FOLDER/scraping_daft_tipperary.py', '--cfg-path', '/tmp/tmpd4atlcy7', '--error-file', '/tmp/tmpwz_cuf_l']
[2021-12-26 10:58:01,849] {standard_task_runner.py:77} INFO - Job 4696: Subtask scrap_data
[2021-12-26 10:58:01,617] {standard_task_runner.py:52} INFO - Started process 76447 to run task
[2021-12-26 10:58:04,208] {logging_mixin.py:109} INFO - Running <TaskInstance: scraping_daft_tipperary.scrap_data scheduled__2021-12-25T10:50:00+00:00 [running]> on host dd6c6a1cba03
[2021-12-26 10:58:05,790] {taskinstance.py:1429} INFO - Exporting the following env vars:
AIRFLOW_CTX_DAG_EMAIL=clement.liscoet@gmail.com
AIRFLOW_CTX_DAG_OWNER=clemoni
AIRFLOW_CTX_DAG_ID=scraping_daft_tipperary
AIRFLOW_CTX_TASK_ID=scrap_data
AIRFLOW_CTX_EXECUTION_DATE=2021-12-25T10:50:00+00:00
AIRFLOW_CTX_DAG_RUN_ID=scheduled__2021-12-25T10:50:00+00:00
[2021-12-26 10:58:05,994] {base.py:79} INFO - Using connection to: id: spark_default. Host: spark://spark:7077, Port: None, Schema: , Login: ***, Password: ***, extra: {}
[2021-12-26 10:58:06,026] {spark_submit.py:360} INFO - Spark-Submit cmd: spark-submit --master spark://spark:7077 --conf spark.master=spark://spark:7077 --name scrap data --verbose /opt/***/jobs/get_ads_per_county.py tipperary
[2021-12-26 11:00:09,430] {spark_submit.py:514} INFO - Using properties file: null
[2021-12-26 11:00:22,321] {spark_submit.py:514} INFO - WARNING: An illegal reflective access operation has occurred
[2021-12-26 11:00:22,333] {spark_submit.py:514} INFO - WARNING: Illegal reflective access by org.apache.spark.unsafe.Platform (file:/home/***/.local/lib/python3.6/site-packages/pyspark/jars/spark-unsafe_2.12-3.2.0.jar) to constructor java.nio.DirectByteBuffer(long,int)
[2021-12-26 11:00:22,348] {spark_submit.py:514} INFO - WARNING: Please consider reporting this to the maintainers of org.apache.spark.unsafe.Platform
[2021-12-26 11:00:22,365] {spark_submit.py:514} INFO - WARNING: Use --illegal-access=warn to enable warnings of further illegal reflective access operations
[2021-12-26 11:00:22,386] {spark_submit.py:514} INFO - WARNING: All illegal access operations will be denied in a future release
[2021-12-26 11:00:27,763] {spark_submit.py:514} INFO - Parsed arguments:
[2021-12-26 11:00:27,778] {spark_submit.py:514} INFO - master                  spark://spark:7077
[2021-12-26 11:00:27,791] {spark_submit.py:514} INFO - deployMode              null
[2021-12-26 11:00:27,811] {spark_submit.py:514} INFO - executorMemory          null
[2021-12-26 11:00:27,825] {spark_submit.py:514} INFO - executorCores           null
[2021-12-26 11:00:27,843] {spark_submit.py:514} INFO - totalExecutorCores      null
[2021-12-26 11:00:27,861] {spark_submit.py:514} INFO - propertiesFile          null
[2021-12-26 11:00:27,892] {spark_submit.py:514} INFO - driverMemory            null
[2021-12-26 11:00:27,906] {spark_submit.py:514} INFO - driverCores             null
[2021-12-26 11:00:27,930] {spark_submit.py:514} INFO - driverExtraClassPath    null
[2021-12-26 11:00:27,979] {spark_submit.py:514} INFO - driverExtraLibraryPath  null
[2021-12-26 11:00:28,050] {spark_submit.py:514} INFO - driverExtraJavaOptions  null
[2021-12-26 11:00:28,083] {spark_submit.py:514} INFO - supervise               false
[2021-12-26 11:00:28,101] {spark_submit.py:514} INFO - queue                   null
[2021-12-26 11:00:28,127] {spark_submit.py:514} INFO - numExecutors            null
[2021-12-26 11:00:28,156] {spark_submit.py:514} INFO - files                   null
[2021-12-26 11:00:28,199] {spark_submit.py:514} INFO - pyFiles                 null
[2021-12-26 11:00:28,238] {spark_submit.py:514} INFO - archives                null
[2021-12-26 11:00:28,273] {spark_submit.py:514} INFO - mainClass               null
[2021-12-26 11:00:28,300] {spark_submit.py:514} INFO - primaryResource         file:/opt/***/jobs/get_ads_per_county.py
[2021-12-26 11:00:28,318] {spark_submit.py:514} INFO - name                    scrap data
[2021-12-26 11:00:28,359] {spark_submit.py:514} INFO - childArgs               [tipperary]
[2021-12-26 11:00:28,386] {spark_submit.py:514} INFO - jars                    null
[2021-12-26 11:00:28,403] {spark_submit.py:514} INFO - packages                null
[2021-12-26 11:00:28,416] {spark_submit.py:514} INFO - packagesExclusions      null
[2021-12-26 11:00:28,433] {spark_submit.py:514} INFO - repositories            null
[2021-12-26 11:00:28,452] {spark_submit.py:514} INFO - verbose                 true
[2021-12-26 11:00:28,470] {spark_submit.py:514} INFO - 
[2021-12-26 11:00:28,487] {spark_submit.py:514} INFO - Spark properties used, including those specified through
[2021-12-26 11:00:28,513] {spark_submit.py:514} INFO - --conf and those from the properties file null:
[2021-12-26 11:00:28,541] {spark_submit.py:514} INFO - (spark.master,spark://spark:7077)
[2021-12-26 11:00:28,555] {spark_submit.py:514} INFO - 
[2021-12-26 11:00:28,559] {spark_submit.py:514} INFO - 
[2021-12-26 11:01:09,991] {spark_submit.py:514} INFO - Main class:
[2021-12-26 11:01:10,005] {spark_submit.py:514} INFO - org.apache.spark.deploy.PythonRunner
[2021-12-26 11:01:10,125] {spark_submit.py:514} INFO - Arguments:
[2021-12-26 11:01:10,151] {spark_submit.py:514} INFO - file:/opt/***/jobs/get_ads_per_county.py
[2021-12-26 11:01:10,163] {spark_submit.py:514} INFO - null
[2021-12-26 11:01:10,176] {spark_submit.py:514} INFO - tipperary
[2021-12-26 11:01:10,190] {spark_submit.py:514} INFO - --verbose
[2021-12-26 11:01:10,618] {spark_submit.py:514} INFO - Spark config:
[2021-12-26 11:01:10,644] {spark_submit.py:514} INFO - (spark.app.name,scrap data)
[2021-12-26 11:01:10,656] {spark_submit.py:514} INFO - (spark.master,spark://spark:7077)
[2021-12-26 11:01:10,668] {spark_submit.py:514} INFO - (spark.submit.pyFiles,)
[2021-12-26 11:01:10,675] {spark_submit.py:514} INFO - (spark.submit.deployMode,client)
[2021-12-26 11:01:10,933] {spark_submit.py:514} INFO - Classpath elements:
[2021-12-26 11:01:10,958] {spark_submit.py:514} INFO - 
[2021-12-26 11:01:10,967] {spark_submit.py:514} INFO - 
[2021-12-26 11:01:10,982] {spark_submit.py:514} INFO - 
[2021-12-26 11:03:40,860] {spark_submit.py:514} INFO - Using Spark's default log4j profile: org/apache/spark/log4j-defaults.properties
[2021-12-26 11:03:42,958] {spark_submit.py:514} INFO - 21/12/26 11:03:42 INFO SparkContext: Running Spark version 3.2.0
[2021-12-26 11:03:55,557] {spark_submit.py:514} INFO - 21/12/26 11:03:55 WARN NativeCodeLoader: Unable to load native-hadoop library for your platform... using builtin-java classes where applicable
[2021-12-26 11:04:21,160] {spark_submit.py:514} INFO - 21/12/26 11:04:21 INFO ResourceUtils: ==============================================================
[2021-12-26 11:04:21,172] {spark_submit.py:514} INFO - 21/12/26 11:04:21 INFO ResourceUtils: No custom resources configured for spark.driver.
[2021-12-26 11:04:21,194] {spark_submit.py:514} INFO - 21/12/26 11:04:21 INFO ResourceUtils: ==============================================================
[2021-12-26 11:04:21,209] {spark_submit.py:514} INFO - 21/12/26 11:04:21 INFO SparkContext: Submitted application: Get Ads per county
[2021-12-26 11:04:24,314] {spark_submit.py:514} INFO - 21/12/26 11:04:24 INFO ResourceProfile: Default ResourceProfile created, executor resources: Map(cores -> name: cores, amount: 1, script: , vendor: , memory -> name: memory, amount: 1024, script: , vendor: , offHeap -> name: offHeap, amount: 0, script: , vendor: ), task resources: Map(cpus -> name: cpus, amount: 1.0)
[2021-12-26 11:04:25,308] {spark_submit.py:514} INFO - 21/12/26 11:04:25 INFO ResourceProfile: Limiting resource is cpu
[2021-12-26 11:04:25,355] {spark_submit.py:514} INFO - 21/12/26 11:04:25 INFO ResourceProfileManager: Added ResourceProfile id: 0
[2021-12-26 11:04:38,572] {spark_submit.py:514} INFO - 21/12/26 11:04:38 INFO SecurityManager: Changing view acls to: ***
[2021-12-26 11:04:38,805] {spark_submit.py:514} INFO - 21/12/26 11:04:38 INFO SecurityManager: Changing modify acls to: ***
[2021-12-26 11:04:38,921] {spark_submit.py:514} INFO - 21/12/26 11:04:38 INFO SecurityManager: Changing view acls groups to:
[2021-12-26 11:04:39,120] {spark_submit.py:514} INFO - 21/12/26 11:04:39 INFO SecurityManager: Changing modify acls groups to:
[2021-12-26 11:04:39,331] {spark_submit.py:514} INFO - 21/12/26 11:04:39 INFO SecurityManager: SecurityManager: authentication disabled; ui acls disabled; users  with view permissions: Set(***); groups with view permissions: Set(); users  with modify permissions: Set(***); groups with modify permissions: Set()
[2021-12-26 11:06:02,473] {spark_submit.py:514} INFO - 21/12/26 11:06:02 INFO Utils: Successfully started service 'sparkDriver' on port 39951.
[2021-12-26 11:06:08,773] {spark_submit.py:514} INFO - 21/12/26 11:06:08 INFO SparkEnv: Registering MapOutputTracker
[2021-12-26 11:06:17,204] {spark_submit.py:514} INFO - 21/12/26 11:06:17 INFO SparkEnv: Registering BlockManagerMaster
[2021-12-26 11:06:24,892] {spark_submit.py:514} INFO - 21/12/26 11:06:24 INFO BlockManagerMasterEndpoint: Using org.apache.spark.storage.DefaultTopologyMapper for getting topology information
[2021-12-26 11:06:24,957] {spark_submit.py:514} INFO - 21/12/26 11:06:24 INFO BlockManagerMasterEndpoint: BlockManagerMasterEndpoint up
[2021-12-26 11:06:26,353] {spark_submit.py:514} INFO - 21/12/26 11:06:26 INFO SparkEnv: Registering BlockManagerMasterHeartbeat
[2021-12-26 11:06:35,496] {spark_submit.py:514} INFO - 21/12/26 11:06:35 INFO DiskBlockManager: Created local directory at /tmp/blockmgr-0ac3fc8d-b747-4f9c-86a6-16fac4a0ff24
[2021-12-26 11:06:45,960] {spark_submit.py:514} INFO - 21/12/26 11:06:45 INFO MemoryStore: MemoryStore started with capacity 434.4 MiB
[2021-12-26 11:06:50,045] {spark_submit.py:514} INFO - 21/12/26 11:06:50 INFO SparkEnv: Registering OutputCommitCoordinator
[2021-12-26 11:07:52,878] {spark_submit.py:514} INFO - 21/12/26 11:07:52 INFO Utils: Successfully started service 'SparkUI' on port 4040.
[2021-12-26 11:08:11,463] {spark_submit.py:514} INFO - 21/12/26 11:08:11 INFO SparkUI: Bound SparkUI to 0.0.0.0, and started at http://dd6c6a1cba03:4040
[2021-12-26 11:09:22,309] {spark_submit.py:514} INFO - 21/12/26 11:09:22 INFO StandaloneAppClient$ClientEndpoint: Connecting to master spark://spark:7077...
[2021-12-26 11:09:38,557] {spark_submit.py:514} INFO - 21/12/26 11:09:38 INFO TransportClientFactory: Successfully created connection to spark/172.21.0.4:7077 after 8918 ms (0 ms spent in bootstraps)
[2021-12-26 11:09:46,180] {spark_submit.py:514} INFO - 21/12/26 11:09:46 INFO StandaloneAppClient$ClientEndpoint: Connecting to master spark://spark:7077...
[2021-12-26 11:10:08,598] {spark_submit.py:514} INFO - 21/12/26 11:10:08 INFO StandaloneAppClient$ClientEndpoint: Connecting to master spark://spark:7077...
[2021-12-26 11:10:10,426] {spark_submit.py:514} INFO - 21/12/26 11:10:10 INFO StandaloneSchedulerBackend: Connected to Spark cluster with app ID app-20211226111008-0229
[2021-12-26 11:10:11,623] {spark_submit.py:514} INFO - 21/12/26 11:10:11 INFO StandaloneAppClient$ClientEndpoint: Executor added: app-20211226111008-0229/0 on worker-20211224102243-172.21.0.6-46073 (172.21.0.6:46073) with 6 core(s)
[2021-12-26 11:10:12,794] {spark_submit.py:514} INFO - 21/12/26 11:10:12 INFO StandaloneSchedulerBackend: Granted executor ID app-20211226111008-0229/0 on hostPort 172.21.0.6:46073 with 6 core(s), 1024.0 MiB RAM
[2021-12-26 11:10:12,849] {spark_submit.py:514} INFO - 21/12/26 11:10:12 INFO StandaloneAppClient$ClientEndpoint: Executor added: app-20211226111008-0229/1 on worker-20211224102243-172.21.0.5-40097 (172.21.0.5:40097) with 6 core(s)
[2021-12-26 11:10:13,554] {spark_submit.py:514} INFO - 21/12/26 11:10:13 INFO StandaloneSchedulerBackend: Granted executor ID app-20211226111008-0229/1 on hostPort 172.21.0.5:40097 with 6 core(s), 1024.0 MiB RAM
[2021-12-26 11:10:14,736] {spark_submit.py:514} INFO - 21/12/26 11:10:14 INFO Utils: Successfully started service 'org.apache.spark.network.netty.NettyBlockTransferService' on port 37205.
[2021-12-26 11:10:14,756] {spark_submit.py:514} INFO - 21/12/26 11:10:14 INFO NettyBlockTransferService: Server created on dd6c6a1cba03:37205
[2021-12-26 11:10:14,982] {spark_submit.py:514} INFO - 21/12/26 11:10:14 INFO BlockManager: Using org.apache.spark.storage.RandomBlockReplicationPolicy for block replication policy
[2021-12-26 11:10:19,323] {spark_submit.py:514} INFO - 21/12/26 11:10:19 INFO StandaloneAppClient$ClientEndpoint: Executor updated: app-20211226111008-0229/0 is now RUNNING
[2021-12-26 11:10:20,274] {spark_submit.py:514} INFO - 21/12/26 11:10:20 INFO StandaloneAppClient$ClientEndpoint: Executor updated: app-20211226111008-0229/1 is now RUNNING
[2021-12-26 11:10:20,326] {spark_submit.py:514} INFO - 21/12/26 11:10:20 INFO BlockManagerMaster: Registering BlockManager BlockManagerId(driver, dd6c6a1cba03, 37205, None)
[2021-12-26 11:10:21,859] {spark_submit.py:514} INFO - 21/12/26 11:10:21 INFO StandaloneSchedulerBackend: Connected to Spark cluster with app ID app-20211226111020-0230
[2021-12-26 11:10:21,920] {spark_submit.py:514} INFO - 21/12/26 11:10:21 INFO BlockManagerMasterEndpoint: Registering block manager dd6c6a1cba03:37205 with 434.4 MiB RAM, BlockManagerId(driver, dd6c6a1cba03, 37205, None)
[2021-12-26 11:10:23,513] {spark_submit.py:514} INFO - 21/12/26 11:10:23 INFO BlockManagerMaster: Registered BlockManager BlockManagerId(driver, dd6c6a1cba03, 37205, None)
[2021-12-26 11:10:23,602] {spark_submit.py:514} INFO - 21/12/26 11:10:23 INFO BlockManager: Initialized BlockManager: BlockManagerId(driver, dd6c6a1cba03, 37205, None)
[2021-12-26 11:44:31,555] {base_job.py:230} ERROR - LocalTaskJob heartbeat got an exception
Traceback (most recent call last):
  File "/home/airflow/.local/lib/python3.6/site-packages/sqlalchemy/engine/base.py", line 2336, in _wrap_pool_connect
    return fn()
  File "/home/airflow/.local/lib/python3.6/site-packages/sqlalchemy/pool/base.py", line 364, in connect
    return _ConnectionFairy._checkout(self)
  File "/home/airflow/.local/lib/python3.6/site-packages/sqlalchemy/pool/base.py", line 778, in _checkout
    fairy = _ConnectionRecord.checkout(pool)
  File "/home/airflow/.local/lib/python3.6/site-packages/sqlalchemy/pool/base.py", line 495, in checkout
    rec = pool._do_get()
  File "/home/airflow/.local/lib/python3.6/site-packages/sqlalchemy/pool/impl.py", line 241, in _do_get
    return self._create_connection()
  File "/home/airflow/.local/lib/python3.6/site-packages/sqlalchemy/pool/base.py", line 309, in _create_connection
    return _ConnectionRecord(self)
  File "/home/airflow/.local/lib/python3.6/site-packages/sqlalchemy/pool/base.py", line 440, in __init__
    self.__connect(first_connect_check=True)
  File "/home/airflow/.local/lib/python3.6/site-packages/sqlalchemy/pool/base.py", line 661, in __connect
    pool.logger.debug("Error on connect(): %s", e)
  File "/home/airflow/.local/lib/python3.6/site-packages/sqlalchemy/util/langhelpers.py", line 70, in __exit__
    with_traceback=exc_tb,
  File "/home/airflow/.local/lib/python3.6/site-packages/sqlalchemy/util/compat.py", line 182, in raise_
    raise exception
  File "/home/airflow/.local/lib/python3.6/site-packages/sqlalchemy/pool/base.py", line 656, in __connect
    connection = pool._invoke_creator(self)
  File "/home/airflow/.local/lib/python3.6/site-packages/sqlalchemy/engine/strategies.py", line 114, in connect
    return dialect.connect(*cargs, **cparams)
  File "/home/airflow/.local/lib/python3.6/site-packages/sqlalchemy/engine/default.py", line 508, in connect
    return self.dbapi.connect(*cargs, **cparams)
  File "/home/airflow/.local/lib/python3.6/site-packages/psycopg2/__init__.py", line 122, in connect
    conn = _connect(dsn, connection_factory=connection_factory, **kwasync)
psycopg2.OperationalError: server closed the connection unexpectedly
	This probably means the server terminated abnormally
	before or while processing the request.


The above exception was the direct cause of the following exception:

Traceback (most recent call last):
  File "/home/airflow/.local/lib/python3.6/site-packages/airflow/jobs/base_job.py", line 226, in heartbeat
    self.heartbeat_callback(session=session)
  File "/home/airflow/.local/lib/python3.6/site-packages/airflow/utils/session.py", line 67, in wrapper
    return func(*args, **kwargs)
  File "/home/airflow/.local/lib/python3.6/site-packages/airflow/jobs/local_task_job.py", line 184, in heartbeat_callback
    self.task_instance.refresh_from_db()
  File "/home/airflow/.local/lib/python3.6/site-packages/airflow/utils/session.py", line 70, in wrapper
    return func(*args, session=session, **kwargs)
  File "/home/airflow/.local/lib/python3.6/site-packages/airflow/models/taskinstance.py", line 731, in refresh_from_db
    ti = qry.first()
  File "/home/airflow/.local/lib/python3.6/site-packages/sqlalchemy/orm/query.py", line 3429, in first
    ret = list(self[0:1])
  File "/home/airflow/.local/lib/python3.6/site-packages/sqlalchemy/orm/query.py", line 3203, in __getitem__
    return list(res)
  File "/home/airflow/.local/lib/python3.6/site-packages/sqlalchemy/orm/query.py", line 3535, in __iter__
    return self._execute_and_instances(context)
  File "/home/airflow/.local/lib/python3.6/site-packages/sqlalchemy/orm/query.py", line 3557, in _execute_and_instances
    querycontext, self._connection_from_session, close_with_result=True
  File "/home/airflow/.local/lib/python3.6/site-packages/sqlalchemy/orm/query.py", line 3572, in _get_bind_args
    mapper=self._bind_mapper(), clause=querycontext.statement, **kw
  File "/home/airflow/.local/lib/python3.6/site-packages/sqlalchemy/orm/query.py", line 3550, in _connection_from_session
    conn = self.session.connection(**kw)
  File "/home/airflow/.local/lib/python3.6/site-packages/sqlalchemy/orm/session.py", line 1145, in connection
    execution_options=execution_options,
  File "/home/airflow/.local/lib/python3.6/site-packages/sqlalchemy/orm/session.py", line 1151, in _connection_for_bind
    engine, execution_options
  File "/home/airflow/.local/lib/python3.6/site-packages/sqlalchemy/orm/session.py", line 433, in _connection_for_bind
    conn = bind._contextual_connect()
  File "/home/airflow/.local/lib/python3.6/site-packages/sqlalchemy/engine/base.py", line 2302, in _contextual_connect
    self._wrap_pool_connect(self.pool.connect, None),
  File "/home/airflow/.local/lib/python3.6/site-packages/sqlalchemy/engine/base.py", line 2340, in _wrap_pool_connect
    e, dialect, self
  File "/home/airflow/.local/lib/python3.6/site-packages/sqlalchemy/engine/base.py", line 1584, in _handle_dbapi_exception_noconnection
    sqlalchemy_exception, with_traceback=exc_info[2], from_=e
  File "/home/airflow/.local/lib/python3.6/site-packages/sqlalchemy/util/compat.py", line 182, in raise_
    raise exception
  File "/home/airflow/.local/lib/python3.6/site-packages/sqlalchemy/engine/base.py", line 2336, in _wrap_pool_connect
    return fn()
  File "/home/airflow/.local/lib/python3.6/site-packages/sqlalchemy/pool/base.py", line 364, in connect
    return _ConnectionFairy._checkout(self)
  File "/home/airflow/.local/lib/python3.6/site-packages/sqlalchemy/pool/base.py", line 778, in _checkout
    fairy = _ConnectionRecord.checkout(pool)
  File "/home/airflow/.local/lib/python3.6/site-packages/sqlalchemy/pool/base.py", line 495, in checkout
    rec = pool._do_get()
  File "/home/airflow/.local/lib/python3.6/site-packages/sqlalchemy/pool/impl.py", line 241, in _do_get
    return self._create_connection()
  File "/home/airflow/.local/lib/python3.6/site-packages/sqlalchemy/pool/base.py", line 309, in _create_connection
    return _ConnectionRecord(self)
  File "/home/airflow/.local/lib/python3.6/site-packages/sqlalchemy/pool/base.py", line 440, in __init__
    self.__connect(first_connect_check=True)
  File "/home/airflow/.local/lib/python3.6/site-packages/sqlalchemy/pool/base.py", line 661, in __connect
    pool.logger.debug("Error on connect(): %s", e)
  File "/home/airflow/.local/lib/python3.6/site-packages/sqlalchemy/util/langhelpers.py", line 70, in __exit__
    with_traceback=exc_tb,
  File "/home/airflow/.local/lib/python3.6/site-packages/sqlalchemy/util/compat.py", line 182, in raise_
    raise exception
  File "/home/airflow/.local/lib/python3.6/site-packages/sqlalchemy/pool/base.py", line 656, in __connect
    connection = pool._invoke_creator(self)
  File "/home/airflow/.local/lib/python3.6/site-packages/sqlalchemy/engine/strategies.py", line 114, in connect
    return dialect.connect(*cargs, **cparams)
  File "/home/airflow/.local/lib/python3.6/site-packages/sqlalchemy/engine/default.py", line 508, in connect
    return self.dbapi.connect(*cargs, **cparams)
  File "/home/airflow/.local/lib/python3.6/site-packages/psycopg2/__init__.py", line 122, in connect
    conn = _connect(dsn, connection_factory=connection_factory, **kwasync)
sqlalchemy.exc.OperationalError: (psycopg2.OperationalError) server closed the connection unexpectedly
	This probably means the server terminated abnormally
	before or while processing the request.

(Background on this error at: http://sqlalche.me/e/13/e3q8)
[2021-12-26 11:51:46,156] {local_task_job.py:142} ERROR - Heartbeat time limit exceeded!
[2021-12-26 11:56:52,785] {process_utils.py:100} INFO - Sending Signals.SIGTERM to GPID 76447
[2021-12-26 11:57:48,162] {spark_submit.py:514} INFO - 21/12/26 11:28:22 ERROR TransportRequestHandler: Error sending result RpcResponse[requestId=8779785774705571827,body=NioManagedBuffer[buf=java.nio.HeapByteBuffer[pos=0 lim=1939 cap=2144]]] to /172.21.0.5:40564; closing connection
[2021-12-26 11:59:39,717] {process_utils.py:66} INFO - Process psutil.Process(pid=76847, status='terminated', started='11:01:16') (76847) terminated with exit code None
[2021-12-26 12:04:31,736] {logging_mixin.py:109} WARNING - --- Logging error ---
--- Logging error ---
--- Logging error ---
--- Logging error ---
--- Logging error ---
--- Logging error ---
--- Logging error ---
--- Logging error ---
--- Logging error ---
--- Logging error ---
--- Logging error ---
--- Logging error ---
--- Logging error ---
--- Logging error ---
--- Logging error ---
--- Logging error ---
--- Logging error ---
--- Logging error ---
--- Logging error ---
--- Logging error ---
--- Logging error ---
--- Logging error ---
--- Logging error ---
--- Logging error ---
--- Logging error ---
--- Logging error ---
--- Logging error ---
--- Logging error ---
--- Logging error ---
--- Logging error ---
--- Logging error ---
--- Logging error ---
--- Logging error ---
--- Logging error ---
--- Logging error ---
--- Logging error ---
--- Logging error ---
--- Logging error ---
--- Logging error ---
--- Logging error ---
--- Logging error ---
--- Logging error ---
--- Logging error ---
--- Logging error ---
--- Logging error ---
--- Logging error ---
--- Logging error ---
--- Logging error ---
--- Logging error ---
--- Logging error ---
--- Logging error ---
--- Logging error ---
--- Logging error ---
--- Logging error ---
--- Logging error ---
--- Logging error ---
--- Logging error ---
--- Logging error ---
--- Logging error ---
--- Logging error ---
--- Logging error ---
--- Logging error ---
--- Logging error ---
--- Logging error ---
--- Logging error ---
--- Logging error ---
--- Logging error ---
--- Logging error ---
--- Logging error ---
--- Logging error ---
[2021-12-26 12:07:57,271] {logging_mixin.py:109} WARNING - Traceback (most recent call last):
[2021-12-26 12:08:22,619] {logging_mixin.py:109} WARNING -   File "/usr/local/lib/python3.6/logging/__init__.py", line 998, in emit
    self.flush()
[2021-12-26 12:08:23,331] {logging_mixin.py:109} WARNING -   File "/usr/local/lib/python3.6/logging/__init__.py", line 978, in flush
    self.stream.flush()
[2021-12-26 12:08:28,243] {logging_mixin.py:109} WARNING - RuntimeError: reentrant call inside <_io.BufferedWriter name='/opt/***/logs/scraping_daft_tipperary/scrap_data/2021-12-25T10:50:00+00:00/1.log'>
[2021-12-26 12:08:28,471] {logging_mixin.py:109} WARNING - 
During handling of the above exception, another exception occurred:
[2021-12-26 12:08:28,571] {logging_mixin.py:109} WARNING - Traceback (most recent call last):
[2021-12-26 12:08:30,372] {logging_mixin.py:109} WARNING -   File "/usr/local/lib/python3.6/logging/__init__.py", line 998, in emit
    self.flush()
[2021-12-26 12:08:31,143] {logging_mixin.py:109} WARNING -   File "/usr/local/lib/python3.6/logging/__init__.py", line 978, in flush
    self.stream.flush()
[2021-12-26 12:08:31,503] {logging_mixin.py:109} WARNING - RuntimeError: reentrant call inside <_io.BufferedWriter name='/opt/***/logs/scraping_daft_tipperary/scrap_data/2021-12-25T10:50:00+00:00/1.log'>
[2021-12-26 12:08:31,688] {logging_mixin.py:109} WARNING - 
During handling of the above exception, another exception occurred:
[2021-12-26 12:08:32,315] {logging_mixin.py:109} WARNING - Traceback (most recent call last):
[2021-12-26 12:08:33,080] {logging_mixin.py:109} WARNING -   File "/usr/local/lib/python3.6/logging/__init__.py", line 998, in emit
    self.flush()
[2021-12-26 12:08:33,567] {logging_mixin.py:109} WARNING -   File "/usr/local/lib/python3.6/logging/__init__.py", line 978, in flush
    self.stream.flush()
[2021-12-26 12:08:34,924] {logging_mixin.py:109} WARNING - RuntimeError: reentrant call inside <_io.BufferedWriter name='/opt/***/logs/scraping_daft_tipperary/scrap_data/2021-12-25T10:50:00+00:00/1.log'>
[2021-12-26 12:08:35,410] {logging_mixin.py:109} WARNING - 
During handling of the above exception, another exception occurred:
[2021-12-26 12:08:35,505] {logging_mixin.py:109} WARNING - Traceback (most recent call last):
[2021-12-26 12:08:38,103] {logging_mixin.py:109} WARNING -   File "/usr/local/lib/python3.6/logging/__init__.py", line 998, in emit
    self.flush()
[2021-12-26 12:08:38,352] {logging_mixin.py:109} WARNING -   File "/usr/local/lib/python3.6/logging/__init__.py", line 978, in flush
    self.stream.flush()
[2021-12-26 12:08:38,454] {logging_mixin.py:109} WARNING - RuntimeError: reentrant call inside <_io.BufferedWriter name='/opt/***/logs/scraping_daft_tipperary/scrap_data/2021-12-25T10:50:00+00:00/1.log'>
[2021-12-26 12:08:38,743] {logging_mixin.py:109} WARNING - 
During handling of the above exception, another exception occurred:
[2021-12-26 12:08:38,967] {logging_mixin.py:109} WARNING - Traceback (most recent call last):
[2021-12-26 12:08:39,946] {logging_mixin.py:109} WARNING -   File "/usr/local/lib/python3.6/logging/__init__.py", line 998, in emit
    self.flush()
[2021-12-26 12:08:40,575] {logging_mixin.py:109} WARNING -   File "/usr/local/lib/python3.6/logging/__init__.py", line 978, in flush
    self.stream.flush()
[2021-12-26 12:08:41,618] {logging_mixin.py:109} WARNING - RuntimeError: reentrant call inside <_io.BufferedWriter name='/opt/***/logs/scraping_daft_tipperary/scrap_data/2021-12-25T10:50:00+00:00/1.log'>
[2021-12-26 12:08:47,106] {logging_mixin.py:109} WARNING - 
During handling of the above exception, another exception occurred:
[2021-12-26 12:08:48,413] {logging_mixin.py:109} WARNING - Traceback (most recent call last):
[2021-12-26 12:09:11,718] {logging_mixin.py:109} WARNING -   File "/usr/local/lib/python3.6/logging/__init__.py", line 998, in emit
    self.flush()
[2021-12-26 12:09:13,207] {logging_mixin.py:109} WARNING -   File "/usr/local/lib/python3.6/logging/__init__.py", line 978, in flush
    self.stream.flush()
[2021-12-26 12:09:13,256] {logging_mixin.py:109} WARNING - RuntimeError: reentrant call inside <_io.BufferedWriter name='/opt/***/logs/scraping_daft_tipperary/scrap_data/2021-12-25T10:50:00+00:00/1.log'>
[2021-12-26 12:09:13,333] {logging_mixin.py:109} WARNING - 
During handling of the above exception, another exception occurred:
[2021-12-26 12:09:13,347] {logging_mixin.py:109} WARNING - Traceback (most recent call last):
[2021-12-26 12:09:13,409] {logging_mixin.py:109} WARNING -   File "/usr/local/lib/python3.6/logging/__init__.py", line 998, in emit
    self.flush()
[2021-12-26 12:09:13,476] {logging_mixin.py:109} WARNING -   File "/usr/local/lib/python3.6/logging/__init__.py", line 978, in flush
    self.stream.flush()
[2021-12-26 12:09:13,557] {logging_mixin.py:109} WARNING - RuntimeError: reentrant call inside <_io.BufferedWriter name='/opt/***/logs/scraping_daft_tipperary/scrap_data/2021-12-25T10:50:00+00:00/1.log'>
[2021-12-26 12:09:13,700] {logging_mixin.py:109} WARNING - 
During handling of the above exception, another exception occurred:
[2021-12-26 12:09:13,805] {logging_mixin.py:109} WARNING - Traceback (most recent call last):
[2021-12-26 12:09:29,297] {logging_mixin.py:109} WARNING -   File "/usr/local/lib/python3.6/logging/__init__.py", line 998, in emit
    self.flush()
[2021-12-26 12:09:29,652] {logging_mixin.py:109} WARNING -   File "/usr/local/lib/python3.6/logging/__init__.py", line 978, in flush
    self.stream.flush()
[2021-12-26 12:09:29,703] {logging_mixin.py:109} WARNING - RuntimeError: reentrant call inside <_io.BufferedWriter name='/opt/***/logs/scraping_daft_tipperary/scrap_data/2021-12-25T10:50:00+00:00/1.log'>
[2021-12-26 12:09:29,807] {logging_mixin.py:109} WARNING - 
During handling of the above exception, another exception occurred:
[2021-12-26 12:09:30,481] {logging_mixin.py:109} WARNING - Traceback (most recent call last):
[2021-12-26 12:09:30,550] {logging_mixin.py:109} WARNING -   File "/usr/local/lib/python3.6/logging/__init__.py", line 998, in emit
    self.flush()
[2021-12-26 12:09:31,278] {logging_mixin.py:109} WARNING -   File "/usr/local/lib/python3.6/logging/__init__.py", line 978, in flush
    self.stream.flush()
[2021-12-26 12:09:31,774] {logging_mixin.py:109} WARNING - RuntimeError: reentrant call inside <_io.BufferedWriter name='/opt/***/logs/scraping_daft_tipperary/scrap_data/2021-12-25T10:50:00+00:00/1.log'>
[2021-12-26 12:09:31,805] {logging_mixin.py:109} WARNING - 
During handling of the above exception, another exception occurred:
[2021-12-26 12:09:31,895] {logging_mixin.py:109} WARNING - Traceback (most recent call last):
[2021-12-26 12:09:32,095] {logging_mixin.py:109} WARNING -   File "/usr/local/lib/python3.6/logging/__init__.py", line 998, in emit
    self.flush()
[2021-12-26 12:09:32,155] {logging_mixin.py:109} WARNING -   File "/usr/local/lib/python3.6/logging/__init__.py", line 978, in flush
    self.stream.flush()
[2021-12-26 12:09:32,224] {logging_mixin.py:109} WARNING - RuntimeError: reentrant call inside <_io.BufferedWriter name='/opt/***/logs/scraping_daft_tipperary/scrap_data/2021-12-25T10:50:00+00:00/1.log'>
[2021-12-26 12:09:32,631] {logging_mixin.py:109} WARNING - 
During handling of the above exception, another exception occurred:
[2021-12-26 12:09:32,996] {logging_mixin.py:109} WARNING - Traceback (most recent call last):
[2021-12-26 12:09:33,430] {logging_mixin.py:109} WARNING -   File "/usr/local/lib/python3.6/logging/__init__.py", line 998, in emit
    self.flush()
[2021-12-26 12:09:33,617] {logging_mixin.py:109} WARNING -   File "/usr/local/lib/python3.6/logging/__init__.py", line 978, in flush
    self.stream.flush()
[2021-12-26 12:09:34,403] {logging_mixin.py:109} WARNING - RuntimeError: reentrant call inside <_io.BufferedWriter name='/opt/***/logs/scraping_daft_tipperary/scrap_data/2021-12-25T10:50:00+00:00/1.log'>
[2021-12-26 12:09:34,705] {logging_mixin.py:109} WARNING - 
During handling of the above exception, another exception occurred:
[2021-12-26 12:09:50,196] {logging_mixin.py:109} WARNING - Traceback (most recent call last):
[2021-12-26 12:09:53,053] {logging_mixin.py:109} WARNING -   File "/usr/local/lib/python3.6/logging/__init__.py", line 998, in emit
    self.flush()
[2021-12-26 12:09:54,000] {logging_mixin.py:109} WARNING -   File "/usr/local/lib/python3.6/logging/__init__.py", line 978, in flush
    self.stream.flush()
[2021-12-26 12:09:54,051] {logging_mixin.py:109} WARNING - RuntimeError: reentrant call inside <_io.BufferedWriter name='/opt/***/logs/scraping_daft_tipperary/scrap_data/2021-12-25T10:50:00+00:00/1.log'>
[2021-12-26 12:09:54,124] {logging_mixin.py:109} WARNING - 
During handling of the above exception, another exception occurred:
[2021-12-26 12:09:54,179] {logging_mixin.py:109} WARNING - Traceback (most recent call last):
[2021-12-26 12:09:55,656] {logging_mixin.py:109} WARNING -   File "/usr/local/lib/python3.6/logging/__init__.py", line 998, in emit
    self.flush()
[2021-12-26 12:09:56,222] {logging_mixin.py:109} WARNING -   File "/usr/local/lib/python3.6/logging/__init__.py", line 978, in flush
    self.stream.flush()
[2021-12-26 12:09:56,511] {logging_mixin.py:109} WARNING - RuntimeError: reentrant call inside <_io.BufferedWriter name='/opt/***/logs/scraping_daft_tipperary/scrap_data/2021-12-25T10:50:00+00:00/1.log'>
[2021-12-26 12:09:56,537] {logging_mixin.py:109} WARNING - 
During handling of the above exception, another exception occurred:
[2021-12-26 12:09:56,558] {logging_mixin.py:109} WARNING - Traceback (most recent call last):
[2021-12-26 12:09:56,592] {logging_mixin.py:109} WARNING -   File "/usr/local/lib/python3.6/logging/__init__.py", line 998, in emit
    self.flush()
[2021-12-26 12:09:56,641] {logging_mixin.py:109} WARNING -   File "/usr/local/lib/python3.6/logging/__init__.py", line 978, in flush
    self.stream.flush()
[2021-12-26 12:09:56,665] {logging_mixin.py:109} WARNING - RuntimeError: reentrant call inside <_io.BufferedWriter name='/opt/***/logs/scraping_daft_tipperary/scrap_data/2021-12-25T10:50:00+00:00/1.log'>
[2021-12-26 12:09:56,996] {logging_mixin.py:109} WARNING - 
During handling of the above exception, another exception occurred:
[2021-12-26 12:09:57,205] {logging_mixin.py:109} WARNING - Traceback (most recent call last):
[2021-12-26 12:09:57,888] {logging_mixin.py:109} WARNING -   File "/usr/local/lib/python3.6/logging/__init__.py", line 998, in emit
    self.flush()
[2021-12-26 12:09:57,952] {logging_mixin.py:109} WARNING -   File "/usr/local/lib/python3.6/logging/__init__.py", line 978, in flush
    self.stream.flush()
[2021-12-26 12:09:57,978] {logging_mixin.py:109} WARNING - RuntimeError: reentrant call inside <_io.BufferedWriter name='/opt/***/logs/scraping_daft_tipperary/scrap_data/2021-12-25T10:50:00+00:00/1.log'>
[2021-12-26 12:09:58,024] {logging_mixin.py:109} WARNING - 
During handling of the above exception, another exception occurred:
[2021-12-26 12:09:58,049] {logging_mixin.py:109} WARNING - Traceback (most recent call last):
[2021-12-26 12:09:58,090] {logging_mixin.py:109} WARNING -   File "/usr/local/lib/python3.6/logging/__init__.py", line 998, in emit
    self.flush()
[2021-12-26 12:09:58,116] {logging_mixin.py:109} WARNING -   File "/usr/local/lib/python3.6/logging/__init__.py", line 978, in flush
    self.stream.flush()
[2021-12-26 12:09:58,139] {logging_mixin.py:109} WARNING - RuntimeError: reentrant call inside <_io.BufferedWriter name='/opt/***/logs/scraping_daft_tipperary/scrap_data/2021-12-25T10:50:00+00:00/1.log'>
[2021-12-26 12:09:58,194] {logging_mixin.py:109} WARNING - 
During handling of the above exception, another exception occurred:
[2021-12-26 12:09:58,216] {logging_mixin.py:109} WARNING - Traceback (most recent call last):
[2021-12-26 12:09:58,255] {logging_mixin.py:109} WARNING -   File "/usr/local/lib/python3.6/logging/__init__.py", line 998, in emit
    self.flush()
[2021-12-26 12:09:58,269] {logging_mixin.py:109} WARNING -   File "/usr/local/lib/python3.6/logging/__init__.py", line 978, in flush
    self.stream.flush()
[2021-12-26 12:09:58,296] {logging_mixin.py:109} WARNING - RuntimeError: reentrant call inside <_io.BufferedWriter name='/opt/***/logs/scraping_daft_tipperary/scrap_data/2021-12-25T10:50:00+00:00/1.log'>
[2021-12-26 12:09:58,326] {logging_mixin.py:109} WARNING - 
During handling of the above exception, another exception occurred:
[2021-12-26 12:09:58,384] {logging_mixin.py:109} WARNING - Traceback (most recent call last):
[2021-12-26 12:09:58,416] {logging_mixin.py:109} WARNING -   File "/usr/local/lib/python3.6/logging/__init__.py", line 998, in emit
    self.flush()
[2021-12-26 12:09:58,490] {logging_mixin.py:109} WARNING -   File "/usr/local/lib/python3.6/logging/__init__.py", line 978, in flush
    self.stream.flush()
[2021-12-26 12:09:58,613] {logging_mixin.py:109} WARNING - RuntimeError: reentrant call inside <_io.BufferedWriter name='/opt/***/logs/scraping_daft_tipperary/scrap_data/2021-12-25T10:50:00+00:00/1.log'>
[2021-12-26 12:09:58,636] {logging_mixin.py:109} WARNING - 
During handling of the above exception, another exception occurred:
[2021-12-26 12:09:58,669] {logging_mixin.py:109} WARNING - Traceback (most recent call last):
[2021-12-26 12:09:58,691] {logging_mixin.py:109} WARNING -   File "/usr/local/lib/python3.6/logging/__init__.py", line 998, in emit
    self.flush()
[2021-12-26 12:09:58,707] {logging_mixin.py:109} WARNING -   File "/usr/local/lib/python3.6/logging/__init__.py", line 978, in flush
    self.stream.flush()
[2021-12-26 12:09:58,721] {logging_mixin.py:109} WARNING - RuntimeError: reentrant call inside <_io.BufferedWriter name='/opt/***/logs/scraping_daft_tipperary/scrap_data/2021-12-25T10:50:00+00:00/1.log'>
[2021-12-26 12:09:58,736] {logging_mixin.py:109} WARNING - 
During handling of the above exception, another exception occurred:
[2021-12-26 12:09:58,755] {logging_mixin.py:109} WARNING - Traceback (most recent call last):
[2021-12-26 12:09:58,784] {logging_mixin.py:109} WARNING -   File "/usr/local/lib/python3.6/logging/__init__.py", line 998, in emit
    self.flush()
[2021-12-26 12:09:59,144] {logging_mixin.py:109} WARNING -   File "/usr/local/lib/python3.6/logging/__init__.py", line 978, in flush
    self.stream.flush()
[2021-12-26 12:09:59,354] {logging_mixin.py:109} WARNING - RuntimeError: reentrant call inside <_io.BufferedWriter name='/opt/***/logs/scraping_daft_tipperary/scrap_data/2021-12-25T10:50:00+00:00/1.log'>
[2021-12-26 12:09:59,466] {logging_mixin.py:109} WARNING - 
During handling of the above exception, another exception occurred:
[2021-12-26 12:09:59,654] {logging_mixin.py:109} WARNING - Traceback (most recent call last):
[2021-12-26 12:09:59,782] {logging_mixin.py:109} WARNING -   File "/usr/local/lib/python3.6/logging/__init__.py", line 998, in emit
    self.flush()
[2021-12-26 12:09:59,815] {logging_mixin.py:109} WARNING -   File "/usr/local/lib/python3.6/logging/__init__.py", line 978, in flush
    self.stream.flush()
[2021-12-26 12:10:00,375] {logging_mixin.py:109} WARNING - RuntimeError: reentrant call inside <_io.BufferedWriter name='/opt/***/logs/scraping_daft_tipperary/scrap_data/2021-12-25T10:50:00+00:00/1.log'>
[2021-12-26 12:10:00,644] {logging_mixin.py:109} WARNING - 
During handling of the above exception, another exception occurred:
[2021-12-26 12:10:01,090] {logging_mixin.py:109} WARNING - Traceback (most recent call last):
[2021-12-26 12:10:01,331] {logging_mixin.py:109} WARNING -   File "/usr/local/lib/python3.6/logging/__init__.py", line 998, in emit
    self.flush()
[2021-12-26 12:10:01,372] {logging_mixin.py:109} WARNING -   File "/usr/local/lib/python3.6/logging/__init__.py", line 978, in flush
    self.stream.flush()
[2021-12-26 12:10:01,680] {logging_mixin.py:109} WARNING - RuntimeError: reentrant call inside <_io.BufferedWriter name='/opt/***/logs/scraping_daft_tipperary/scrap_data/2021-12-25T10:50:00+00:00/1.log'>
[2021-12-26 12:10:01,801] {logging_mixin.py:109} WARNING - 
During handling of the above exception, another exception occurred:
[2021-12-26 12:10:01,982] {logging_mixin.py:109} WARNING - Traceback (most recent call last):
[2021-12-26 12:10:02,046] {logging_mixin.py:109} WARNING -   File "/usr/local/lib/python3.6/logging/__init__.py", line 998, in emit
    self.flush()
[2021-12-26 12:10:02,096] {logging_mixin.py:109} WARNING -   File "/usr/local/lib/python3.6/logging/__init__.py", line 978, in flush
    self.stream.flush()
[2021-12-26 12:10:02,131] {logging_mixin.py:109} WARNING - RuntimeError: reentrant call inside <_io.BufferedWriter name='/opt/***/logs/scraping_daft_tipperary/scrap_data/2021-12-25T10:50:00+00:00/1.log'>
[2021-12-26 12:10:02,159] {logging_mixin.py:109} WARNING - 
During handling of the above exception, another exception occurred:
[2021-12-26 12:10:02,256] {logging_mixin.py:109} WARNING - Traceback (most recent call last):
[2021-12-26 12:10:04,287] {logging_mixin.py:109} WARNING -   File "/usr/local/lib/python3.6/logging/__init__.py", line 998, in emit
    self.flush()
[2021-12-26 12:10:04,792] {logging_mixin.py:109} WARNING -   File "/usr/local/lib/python3.6/logging/__init__.py", line 978, in flush
    self.stream.flush()
[2021-12-26 12:10:04,995] {logging_mixin.py:109} WARNING - RuntimeError: reentrant call inside <_io.BufferedWriter name='/opt/***/logs/scraping_daft_tipperary/scrap_data/2021-12-25T10:50:00+00:00/1.log'>
[2021-12-26 12:10:05,093] {logging_mixin.py:109} WARNING - 
During handling of the above exception, another exception occurred:
[2021-12-26 12:10:05,301] {logging_mixin.py:109} WARNING - Traceback (most recent call last):
[2021-12-26 12:10:05,443] {logging_mixin.py:109} WARNING -   File "/usr/local/lib/python3.6/logging/__init__.py", line 998, in emit
    self.flush()
[2021-12-26 12:10:06,222] {logging_mixin.py:109} WARNING -   File "/usr/local/lib/python3.6/logging/__init__.py", line 978, in flush
    self.stream.flush()
[2021-12-26 12:10:06,770] {logging_mixin.py:109} WARNING - RuntimeError: reentrant call inside <_io.BufferedWriter name='/opt/***/logs/scraping_daft_tipperary/scrap_data/2021-12-25T10:50:00+00:00/1.log'>
[2021-12-26 12:10:08,163] {logging_mixin.py:109} WARNING - 
During handling of the above exception, another exception occurred:
[2021-12-26 12:10:08,446] {logging_mixin.py:109} WARNING - Traceback (most recent call last):
[2021-12-26 12:10:08,901] {logging_mixin.py:109} WARNING -   File "/usr/local/lib/python3.6/logging/__init__.py", line 998, in emit
    self.flush()
[2021-12-26 12:10:09,000] {logging_mixin.py:109} WARNING -   File "/usr/local/lib/python3.6/logging/__init__.py", line 978, in flush
    self.stream.flush()
[2021-12-26 12:10:09,155] {logging_mixin.py:109} WARNING - RuntimeError: reentrant call inside <_io.BufferedWriter name='/opt/***/logs/scraping_daft_tipperary/scrap_data/2021-12-25T10:50:00+00:00/1.log'>
[2021-12-26 12:10:09,583] {logging_mixin.py:109} WARNING - 
During handling of the above exception, another exception occurred:
[2021-12-26 12:10:11,344] {logging_mixin.py:109} WARNING - Traceback (most recent call last):
[2021-12-26 12:10:11,369] {logging_mixin.py:109} WARNING -   File "/usr/local/lib/python3.6/logging/__init__.py", line 998, in emit
    self.flush()
[2021-12-26 12:10:11,396] {logging_mixin.py:109} WARNING -   File "/usr/local/lib/python3.6/logging/__init__.py", line 978, in flush
    self.stream.flush()
[2021-12-26 12:10:11,408] {logging_mixin.py:109} WARNING - RuntimeError: reentrant call inside <_io.BufferedWriter name='/opt/***/logs/scraping_daft_tipperary/scrap_data/2021-12-25T10:50:00+00:00/1.log'>
[2021-12-26 12:10:11,445] {logging_mixin.py:109} WARNING - 
During handling of the above exception, another exception occurred:
[2021-12-26 12:10:11,463] {logging_mixin.py:109} WARNING - Traceback (most recent call last):
[2021-12-26 12:10:11,527] {logging_mixin.py:109} WARNING -   File "/usr/local/lib/python3.6/logging/__init__.py", line 998, in emit
    self.flush()
[2021-12-26 12:10:15,760] {logging_mixin.py:109} WARNING -   File "/usr/local/lib/python3.6/logging/__init__.py", line 978, in flush
    self.stream.flush()
[2021-12-26 12:10:16,701] {logging_mixin.py:109} WARNING - RuntimeError: reentrant call inside <_io.BufferedWriter name='/opt/***/logs/scraping_daft_tipperary/scrap_data/2021-12-25T10:50:00+00:00/1.log'>
[2021-12-26 12:10:17,225] {logging_mixin.py:109} WARNING - 
During handling of the above exception, another exception occurred:
[2021-12-26 12:10:18,969] {logging_mixin.py:109} WARNING - Traceback (most recent call last):
[2021-12-26 12:10:19,761] {logging_mixin.py:109} WARNING -   File "/usr/local/lib/python3.6/logging/__init__.py", line 998, in emit
    self.flush()
[2021-12-26 12:10:20,590] {logging_mixin.py:109} WARNING -   File "/usr/local/lib/python3.6/logging/__init__.py", line 978, in flush
    self.stream.flush()
[2021-12-26 12:10:22,835] {logging_mixin.py:109} WARNING - RuntimeError: reentrant call inside <_io.BufferedWriter name='/opt/***/logs/scraping_daft_tipperary/scrap_data/2021-12-25T10:50:00+00:00/1.log'>
[2021-12-26 12:10:23,044] {logging_mixin.py:109} WARNING - 
During handling of the above exception, another exception occurred:
[2021-12-26 12:10:23,088] {logging_mixin.py:109} WARNING - Traceback (most recent call last):
[2021-12-26 12:10:24,179] {logging_mixin.py:109} WARNING -   File "/usr/local/lib/python3.6/logging/__init__.py", line 998, in emit
    self.flush()
[2021-12-26 12:10:25,929] {logging_mixin.py:109} WARNING -   File "/usr/local/lib/python3.6/logging/__init__.py", line 978, in flush
    self.stream.flush()
[2021-12-26 12:10:26,016] {logging_mixin.py:109} WARNING - RuntimeError: reentrant call inside <_io.BufferedWriter name='/opt/***/logs/scraping_daft_tipperary/scrap_data/2021-12-25T10:50:00+00:00/1.log'>
[2021-12-26 12:10:26,858] {logging_mixin.py:109} WARNING - 
During handling of the above exception, another exception occurred:
[2021-12-26 12:10:32,402] {logging_mixin.py:109} WARNING - Traceback (most recent call last):
[2021-12-26 12:10:33,130] {logging_mixin.py:109} WARNING -   File "/usr/local/lib/python3.6/logging/__init__.py", line 998, in emit
    self.flush()
[2021-12-26 12:10:33,250] {logging_mixin.py:109} WARNING -   File "/usr/local/lib/python3.6/logging/__init__.py", line 978, in flush
    self.stream.flush()
[2021-12-26 12:10:33,323] {logging_mixin.py:109} WARNING - RuntimeError: reentrant call inside <_io.BufferedWriter name='/opt/***/logs/scraping_daft_tipperary/scrap_data/2021-12-25T10:50:00+00:00/1.log'>
[2021-12-26 12:10:33,349] {logging_mixin.py:109} WARNING - 
During handling of the above exception, another exception occurred:
[2021-12-26 12:10:43,198] {logging_mixin.py:109} WARNING - Traceback (most recent call last):
[2021-12-26 12:10:56,694] {logging_mixin.py:109} WARNING -   File "/usr/local/lib/python3.6/logging/__init__.py", line 998, in emit
    self.flush()
[2021-12-26 12:10:58,331] {logging_mixin.py:109} WARNING -   File "/usr/local/lib/python3.6/logging/__init__.py", line 978, in flush
    self.stream.flush()
[2021-12-26 12:10:58,518] {logging_mixin.py:109} WARNING - RuntimeError: reentrant call inside <_io.BufferedWriter name='/opt/***/logs/scraping_daft_tipperary/scrap_data/2021-12-25T10:50:00+00:00/1.log'>
[2021-12-26 12:10:58,646] {logging_mixin.py:109} WARNING - 
During handling of the above exception, another exception occurred:
[2021-12-26 12:10:58,760] {logging_mixin.py:109} WARNING - Traceback (most recent call last):
[2021-12-26 12:11:00,020] {logging_mixin.py:109} WARNING -   File "/usr/local/lib/python3.6/logging/__init__.py", line 998, in emit
    self.flush()
[2021-12-26 12:11:01,218] {logging_mixin.py:109} WARNING -   File "/usr/local/lib/python3.6/logging/__init__.py", line 978, in flush
    self.stream.flush()
[2021-12-26 12:11:06,517] {logging_mixin.py:109} WARNING - RuntimeError: reentrant call inside <_io.BufferedWriter name='/opt/***/logs/scraping_daft_tipperary/scrap_data/2021-12-25T10:50:00+00:00/1.log'>
[2021-12-26 12:11:24,594] {logging_mixin.py:109} WARNING - 
During handling of the above exception, another exception occurred:
[2021-12-26 12:11:58,598] {logging_mixin.py:109} WARNING - Traceback (most recent call last):
[2021-12-26 12:11:58,760] {logging_mixin.py:109} WARNING -   File "/usr/local/lib/python3.6/logging/__init__.py", line 998, in emit
    self.flush()
[2021-12-26 12:11:58,857] {logging_mixin.py:109} WARNING -   File "/usr/local/lib/python3.6/logging/__init__.py", line 978, in flush
    self.stream.flush()
[2021-12-26 12:11:58,969] {logging_mixin.py:109} WARNING - RuntimeError: reentrant call inside <_io.BufferedWriter name='/opt/***/logs/scraping_daft_tipperary/scrap_data/2021-12-25T10:50:00+00:00/1.log'>
[2021-12-26 12:12:00,001] {logging_mixin.py:109} WARNING - 
During handling of the above exception, another exception occurred:
[2021-12-26 12:12:00,199] {logging_mixin.py:109} WARNING - Traceback (most recent call last):
[2021-12-26 12:12:00,736] {logging_mixin.py:109} WARNING -   File "/usr/local/lib/python3.6/logging/__init__.py", line 998, in emit
    self.flush()
[2021-12-26 12:12:01,671] {logging_mixin.py:109} WARNING -   File "/usr/local/lib/python3.6/logging/__init__.py", line 978, in flush
    self.stream.flush()
[2021-12-26 12:12:02,192] {logging_mixin.py:109} WARNING - RuntimeError: reentrant call inside <_io.BufferedWriter name='/opt/***/logs/scraping_daft_tipperary/scrap_data/2021-12-25T10:50:00+00:00/1.log'>
[2021-12-26 12:12:02,744] {logging_mixin.py:109} WARNING - 
During handling of the above exception, another exception occurred:
[2021-12-26 12:12:02,844] {logging_mixin.py:109} WARNING - Traceback (most recent call last):
[2021-12-26 12:12:02,875] {logging_mixin.py:109} WARNING -   File "/usr/local/lib/python3.6/logging/__init__.py", line 998, in emit
    self.flush()
[2021-12-26 12:12:03,040] {logging_mixin.py:109} WARNING -   File "/usr/local/lib/python3.6/logging/__init__.py", line 978, in flush
    self.stream.flush()
[2021-12-26 12:12:03,074] {logging_mixin.py:109} WARNING - RuntimeError: reentrant call inside <_io.BufferedWriter name='/opt/***/logs/scraping_daft_tipperary/scrap_data/2021-12-25T10:50:00+00:00/1.log'>
[2021-12-26 12:12:03,122] {logging_mixin.py:109} WARNING - 
During handling of the above exception, another exception occurred:
[2021-12-26 12:12:03,151] {logging_mixin.py:109} WARNING - Traceback (most recent call last):
[2021-12-26 12:12:03,201] {logging_mixin.py:109} WARNING -   File "/usr/local/lib/python3.6/logging/__init__.py", line 998, in emit
    self.flush()
[2021-12-26 12:12:03,413] {logging_mixin.py:109} WARNING -   File "/usr/local/lib/python3.6/logging/__init__.py", line 978, in flush
    self.stream.flush()
[2021-12-26 12:12:03,604] {logging_mixin.py:109} WARNING - RuntimeError: reentrant call inside <_io.BufferedWriter name='/opt/***/logs/scraping_daft_tipperary/scrap_data/2021-12-25T10:50:00+00:00/1.log'>
[2021-12-26 12:12:04,520] {logging_mixin.py:109} WARNING - 
During handling of the above exception, another exception occurred:
[2021-12-26 12:12:04,894] {logging_mixin.py:109} WARNING - Traceback (most recent call last):
[2021-12-26 12:12:05,445] {logging_mixin.py:109} WARNING -   File "/usr/local/lib/python3.6/logging/__init__.py", line 998, in emit
    self.flush()
[2021-12-26 12:12:05,924] {logging_mixin.py:109} WARNING -   File "/usr/local/lib/python3.6/logging/__init__.py", line 978, in flush
    self.stream.flush()
[2021-12-26 12:12:06,452] {logging_mixin.py:109} WARNING - RuntimeError: reentrant call inside <_io.BufferedWriter name='/opt/***/logs/scraping_daft_tipperary/scrap_data/2021-12-25T10:50:00+00:00/1.log'>
[2021-12-26 12:12:06,592] {logging_mixin.py:109} WARNING - 
During handling of the above exception, another exception occurred:
[2021-12-26 12:12:06,805] {logging_mixin.py:109} WARNING - Traceback (most recent call last):
[2021-12-26 12:12:12,202] {logging_mixin.py:109} WARNING -   File "/usr/local/lib/python3.6/logging/__init__.py", line 998, in emit
    self.flush()
[2021-12-26 12:12:12,686] {logging_mixin.py:109} WARNING -   File "/usr/local/lib/python3.6/logging/__init__.py", line 978, in flush
    self.stream.flush()
[2021-12-26 12:12:12,983] {logging_mixin.py:109} WARNING - RuntimeError: reentrant call inside <_io.BufferedWriter name='/opt/***/logs/scraping_daft_tipperary/scrap_data/2021-12-25T10:50:00+00:00/1.log'>
[2021-12-26 12:12:13,563] {logging_mixin.py:109} WARNING - 
During handling of the above exception, another exception occurred:
[2021-12-26 12:12:14,216] {logging_mixin.py:109} WARNING - Traceback (most recent call last):
[2021-12-26 12:12:15,581] {logging_mixin.py:109} WARNING -   File "/usr/local/lib/python3.6/logging/__init__.py", line 998, in emit
    self.flush()
[2021-12-26 12:12:15,917] {logging_mixin.py:109} WARNING -   File "/usr/local/lib/python3.6/logging/__init__.py", line 978, in flush
    self.stream.flush()
[2021-12-26 12:12:16,211] {logging_mixin.py:109} WARNING - RuntimeError: reentrant call inside <_io.BufferedWriter name='/opt/***/logs/scraping_daft_tipperary/scrap_data/2021-12-25T10:50:00+00:00/1.log'>
[2021-12-26 12:12:16,832] {logging_mixin.py:109} WARNING - 
During handling of the above exception, another exception occurred:
[2021-12-26 12:12:17,665] {logging_mixin.py:109} WARNING - Traceback (most recent call last):
[2021-12-26 12:12:18,111] {logging_mixin.py:109} WARNING -   File "/usr/local/lib/python3.6/logging/__init__.py", line 998, in emit
    self.flush()
[2021-12-26 12:12:22,103] {logging_mixin.py:109} WARNING -   File "/usr/local/lib/python3.6/logging/__init__.py", line 978, in flush
    self.stream.flush()
[2021-12-26 12:12:29,241] {logging_mixin.py:109} WARNING - RuntimeError: reentrant call inside <_io.BufferedWriter name='/opt/***/logs/scraping_daft_tipperary/scrap_data/2021-12-25T10:50:00+00:00/1.log'>
[2021-12-26 12:12:29,978] {logging_mixin.py:109} WARNING - 
During handling of the above exception, another exception occurred:
[2021-12-26 12:12:30,908] {logging_mixin.py:109} WARNING - Traceback (most recent call last):
[2021-12-26 12:12:30,998] {logging_mixin.py:109} WARNING -   File "/usr/local/lib/python3.6/logging/__init__.py", line 998, in emit
    self.flush()
[2021-12-26 12:12:31,011] {logging_mixin.py:109} WARNING -   File "/usr/local/lib/python3.6/logging/__init__.py", line 978, in flush
    self.stream.flush()
[2021-12-26 12:12:31,045] {logging_mixin.py:109} WARNING - RuntimeError: reentrant call inside <_io.BufferedWriter name='/opt/***/logs/scraping_daft_tipperary/scrap_data/2021-12-25T10:50:00+00:00/1.log'>
[2021-12-26 12:12:31,139] {logging_mixin.py:109} WARNING - 
During handling of the above exception, another exception occurred:
[2021-12-26 12:12:31,172] {logging_mixin.py:109} WARNING - Traceback (most recent call last):
[2021-12-26 12:12:31,950] {logging_mixin.py:109} WARNING -   File "/usr/local/lib/python3.6/logging/__init__.py", line 998, in emit
    self.flush()
[2021-12-26 12:12:42,402] {logging_mixin.py:109} WARNING -   File "/usr/local/lib/python3.6/logging/__init__.py", line 978, in flush
    self.stream.flush()
[2021-12-26 12:12:47,967] {logging_mixin.py:109} WARNING - RuntimeError: reentrant call inside <_io.BufferedWriter name='/opt/***/logs/scraping_daft_tipperary/scrap_data/2021-12-25T10:50:00+00:00/1.log'>
[2021-12-26 12:12:48,170] {logging_mixin.py:109} WARNING - 
During handling of the above exception, another exception occurred:
[2021-12-26 12:12:48,676] {logging_mixin.py:109} WARNING - Traceback (most recent call last):
[2021-12-26 12:12:49,477] {logging_mixin.py:109} WARNING -   File "/usr/local/lib/python3.6/logging/__init__.py", line 998, in emit
    self.flush()
[2021-12-26 12:12:51,639] {logging_mixin.py:109} WARNING -   File "/usr/local/lib/python3.6/logging/__init__.py", line 978, in flush
    self.stream.flush()
[2021-12-26 12:12:51,719] {logging_mixin.py:109} WARNING - RuntimeError: reentrant call inside <_io.BufferedWriter name='/opt/***/logs/scraping_daft_tipperary/scrap_data/2021-12-25T10:50:00+00:00/1.log'>
[2021-12-26 12:12:51,789] {logging_mixin.py:109} WARNING - 
During handling of the above exception, another exception occurred:
[2021-12-26 12:12:51,864] {logging_mixin.py:109} WARNING - Traceback (most recent call last):
[2021-12-26 12:12:52,826] {logging_mixin.py:109} WARNING -   File "/usr/local/lib/python3.6/logging/__init__.py", line 998, in emit
    self.flush()
[2021-12-26 12:12:53,766] {logging_mixin.py:109} WARNING -   File "/usr/local/lib/python3.6/logging/__init__.py", line 978, in flush
    self.stream.flush()
[2021-12-26 12:12:54,177] {logging_mixin.py:109} WARNING - RuntimeError: reentrant call inside <_io.BufferedWriter name='/opt/***/logs/scraping_daft_tipperary/scrap_data/2021-12-25T10:50:00+00:00/1.log'>
[2021-12-26 12:12:54,693] {logging_mixin.py:109} WARNING - 
During handling of the above exception, another exception occurred:
[2021-12-26 12:12:56,270] {logging_mixin.py:109} WARNING - Traceback (most recent call last):
[2021-12-26 12:13:04,628] {logging_mixin.py:109} WARNING -   File "/usr/local/lib/python3.6/logging/__init__.py", line 998, in emit
    self.flush()
[2021-12-26 12:13:06,792] {logging_mixin.py:109} WARNING -   File "/usr/local/lib/python3.6/logging/__init__.py", line 978, in flush
    self.stream.flush()
[2021-12-26 12:13:12,152] {logging_mixin.py:109} WARNING - RuntimeError: reentrant call inside <_io.BufferedWriter name='/opt/***/logs/scraping_daft_tipperary/scrap_data/2021-12-25T10:50:00+00:00/1.log'>
[2021-12-26 12:13:45,087] {logging_mixin.py:109} WARNING - 
During handling of the above exception, another exception occurred:
[2021-12-26 12:13:46,895] {logging_mixin.py:109} WARNING - Traceback (most recent call last):
[2021-12-26 12:13:47,394] {logging_mixin.py:109} WARNING -   File "/usr/local/lib/python3.6/logging/__init__.py", line 998, in emit
    self.flush()
[2021-12-26 12:13:49,870] {logging_mixin.py:109} WARNING -   File "/usr/local/lib/python3.6/logging/__init__.py", line 978, in flush
    self.stream.flush()
[2021-12-26 12:13:49,888] {logging_mixin.py:109} WARNING - RuntimeError: reentrant call inside <_io.BufferedWriter name='/opt/***/logs/scraping_daft_tipperary/scrap_data/2021-12-25T10:50:00+00:00/1.log'>
[2021-12-26 12:13:49,919] {logging_mixin.py:109} WARNING - 
During handling of the above exception, another exception occurred:
[2021-12-26 12:13:50,171] {logging_mixin.py:109} WARNING - Traceback (most recent call last):
[2021-12-26 12:13:50,482] {logging_mixin.py:109} WARNING -   File "/usr/local/lib/python3.6/logging/__init__.py", line 998, in emit
    self.flush()
[2021-12-26 12:13:50,781] {logging_mixin.py:109} WARNING -   File "/usr/local/lib/python3.6/logging/__init__.py", line 978, in flush
    self.stream.flush()
[2021-12-26 12:13:51,210] {logging_mixin.py:109} WARNING - RuntimeError: reentrant call inside <_io.BufferedWriter name='/opt/***/logs/scraping_daft_tipperary/scrap_data/2021-12-25T10:50:00+00:00/1.log'>
[2021-12-26 12:13:52,207] {logging_mixin.py:109} WARNING - 
During handling of the above exception, another exception occurred:
[2021-12-26 12:13:52,308] {logging_mixin.py:109} WARNING - Traceback (most recent call last):
[2021-12-26 12:13:53,422] {logging_mixin.py:109} WARNING -   File "/usr/local/lib/python3.6/logging/__init__.py", line 998, in emit
    self.flush()
[2021-12-26 12:13:55,821] {logging_mixin.py:109} WARNING -   File "/usr/local/lib/python3.6/logging/__init__.py", line 978, in flush
    self.stream.flush()
[2021-12-26 12:14:18,930] {logging_mixin.py:109} WARNING - RuntimeError: reentrant call inside <_io.BufferedWriter name='/opt/***/logs/scraping_daft_tipperary/scrap_data/2021-12-25T10:50:00+00:00/1.log'>
[2021-12-26 12:14:43,489] {logging_mixin.py:109} WARNING - 
During handling of the above exception, another exception occurred:
[2021-12-26 12:14:47,859] {logging_mixin.py:109} WARNING - Traceback (most recent call last):
[2021-12-26 12:15:15,871] {logging_mixin.py:109} WARNING -   File "/usr/local/lib/python3.6/logging/__init__.py", line 998, in emit
    self.flush()
[2021-12-26 12:15:17,256] {logging_mixin.py:109} WARNING -   File "/usr/local/lib/python3.6/logging/__init__.py", line 978, in flush
    self.stream.flush()
[2021-12-26 12:15:17,777] {logging_mixin.py:109} WARNING - RuntimeError: reentrant call inside <_io.BufferedWriter name='/opt/***/logs/scraping_daft_tipperary/scrap_data/2021-12-25T10:50:00+00:00/1.log'>
[2021-12-26 12:15:17,804] {logging_mixin.py:109} WARNING - 
During handling of the above exception, another exception occurred:
[2021-12-26 12:15:17,815] {logging_mixin.py:109} WARNING - Traceback (most recent call last):
[2021-12-26 12:15:17,823] {logging_mixin.py:109} WARNING -   File "/usr/local/lib/python3.6/logging/__init__.py", line 998, in emit
    self.flush()
[2021-12-26 12:15:17,840] {logging_mixin.py:109} WARNING -   File "/usr/local/lib/python3.6/logging/__init__.py", line 978, in flush
    self.stream.flush()
[2021-12-26 12:15:17,879] {logging_mixin.py:109} WARNING - RuntimeError: reentrant call inside <_io.BufferedWriter name='/opt/***/logs/scraping_daft_tipperary/scrap_data/2021-12-25T10:50:00+00:00/1.log'>
[2021-12-26 12:15:17,889] {logging_mixin.py:109} WARNING - 
During handling of the above exception, another exception occurred:
[2021-12-26 12:15:17,898] {logging_mixin.py:109} WARNING - Traceback (most recent call last):
[2021-12-26 12:15:17,903] {logging_mixin.py:109} WARNING -   File "/usr/local/lib/python3.6/logging/__init__.py", line 998, in emit
    self.flush()
[2021-12-26 12:15:17,912] {logging_mixin.py:109} WARNING -   File "/usr/local/lib/python3.6/logging/__init__.py", line 978, in flush
    self.stream.flush()
[2021-12-26 12:15:17,922] {logging_mixin.py:109} WARNING - RuntimeError: reentrant call inside <_io.BufferedWriter name='/opt/***/logs/scraping_daft_tipperary/scrap_data/2021-12-25T10:50:00+00:00/1.log'>
[2021-12-26 12:15:17,956] {logging_mixin.py:109} WARNING - 
During handling of the above exception, another exception occurred:
[2021-12-26 12:15:17,966] {logging_mixin.py:109} WARNING - Traceback (most recent call last):
[2021-12-26 12:15:17,979] {logging_mixin.py:109} WARNING -   File "/usr/local/lib/python3.6/logging/__init__.py", line 998, in emit
    self.flush()
[2021-12-26 12:15:17,993] {logging_mixin.py:109} WARNING -   File "/usr/local/lib/python3.6/logging/__init__.py", line 978, in flush
    self.stream.flush()
[2021-12-26 12:15:18,001] {logging_mixin.py:109} WARNING - RuntimeError: reentrant call inside <_io.BufferedWriter name='/opt/***/logs/scraping_daft_tipperary/scrap_data/2021-12-25T10:50:00+00:00/1.log'>
[2021-12-26 12:15:18,009] {logging_mixin.py:109} WARNING - 
During handling of the above exception, another exception occurred:
[2021-12-26 12:15:18,017] {logging_mixin.py:109} WARNING - Traceback (most recent call last):
[2021-12-26 12:15:18,060] {logging_mixin.py:109} WARNING -   File "/usr/local/lib/python3.6/logging/__init__.py", line 998, in emit
    self.flush()
[2021-12-26 12:15:18,070] {logging_mixin.py:109} WARNING -   File "/usr/local/lib/python3.6/logging/__init__.py", line 978, in flush
    self.stream.flush()
[2021-12-26 12:15:18,079] {logging_mixin.py:109} WARNING - RuntimeError: reentrant call inside <_io.BufferedWriter name='/opt/***/logs/scraping_daft_tipperary/scrap_data/2021-12-25T10:50:00+00:00/1.log'>
[2021-12-26 12:15:18,095] {logging_mixin.py:109} WARNING - 
During handling of the above exception, another exception occurred:
[2021-12-26 12:15:18,109] {logging_mixin.py:109} WARNING - Traceback (most recent call last):
[2021-12-26 12:15:18,125] {logging_mixin.py:109} WARNING -   File "/usr/local/lib/python3.6/logging/__init__.py", line 998, in emit
    self.flush()
[2021-12-26 12:15:18,143] {logging_mixin.py:109} WARNING -   File "/usr/local/lib/python3.6/logging/__init__.py", line 978, in flush
    self.stream.flush()
[2021-12-26 12:15:18,221] {logging_mixin.py:109} WARNING - RuntimeError: reentrant call inside <_io.BufferedWriter name='/opt/***/logs/scraping_daft_tipperary/scrap_data/2021-12-25T10:50:00+00:00/1.log'>
[2021-12-26 12:15:18,320] {logging_mixin.py:109} WARNING - 
During handling of the above exception, another exception occurred:
[2021-12-26 12:15:18,498] {logging_mixin.py:109} WARNING - Traceback (most recent call last):
[2021-12-26 12:15:18,639] {logging_mixin.py:109} WARNING -   File "/usr/local/lib/python3.6/logging/__init__.py", line 998, in emit
    self.flush()
[2021-12-26 12:15:19,294] {logging_mixin.py:109} WARNING -   File "/usr/local/lib/python3.6/logging/__init__.py", line 978, in flush
    self.stream.flush()
[2021-12-26 12:15:19,395] {logging_mixin.py:109} WARNING - RuntimeError: reentrant call inside <_io.BufferedWriter name='/opt/***/logs/scraping_daft_tipperary/scrap_data/2021-12-25T10:50:00+00:00/1.log'>
[2021-12-26 12:15:19,638] {logging_mixin.py:109} WARNING - 
During handling of the above exception, another exception occurred:
[2021-12-26 12:15:20,499] {logging_mixin.py:109} WARNING - Traceback (most recent call last):
[2021-12-26 12:15:22,117] {logging_mixin.py:109} WARNING -   File "/usr/local/lib/python3.6/logging/__init__.py", line 998, in emit
    self.flush()
[2021-12-26 12:15:22,468] {logging_mixin.py:109} WARNING -   File "/usr/local/lib/python3.6/logging/__init__.py", line 978, in flush
    self.stream.flush()
[2021-12-26 12:15:22,753] {logging_mixin.py:109} WARNING - RuntimeError: reentrant call inside <_io.BufferedWriter name='/opt/***/logs/scraping_daft_tipperary/scrap_data/2021-12-25T10:50:00+00:00/1.log'>
[2021-12-26 12:15:22,921] {logging_mixin.py:109} WARNING - 
During handling of the above exception, another exception occurred:
[2021-12-26 12:15:23,215] {logging_mixin.py:109} WARNING - Traceback (most recent call last):
[2021-12-26 12:15:23,839] {logging_mixin.py:109} WARNING -   File "/usr/local/lib/python3.6/logging/__init__.py", line 998, in emit
    self.flush()
[2021-12-26 12:15:23,994] {logging_mixin.py:109} WARNING -   File "/usr/local/lib/python3.6/logging/__init__.py", line 978, in flush
    self.stream.flush()
[2021-12-26 12:15:24,376] {logging_mixin.py:109} WARNING - RuntimeError: reentrant call inside <_io.BufferedWriter name='/opt/***/logs/scraping_daft_tipperary/scrap_data/2021-12-25T10:50:00+00:00/1.log'>
[2021-12-26 12:15:24,502] {logging_mixin.py:109} WARNING - 
During handling of the above exception, another exception occurred:
[2021-12-26 12:15:25,074] {logging_mixin.py:109} WARNING - Traceback (most recent call last):
[2021-12-26 12:15:25,892] {logging_mixin.py:109} WARNING -   File "/usr/local/lib/python3.6/logging/__init__.py", line 998, in emit
    self.flush()
[2021-12-26 12:15:26,029] {logging_mixin.py:109} WARNING -   File "/usr/local/lib/python3.6/logging/__init__.py", line 978, in flush
    self.stream.flush()
[2021-12-26 12:15:26,213] {logging_mixin.py:109} WARNING - RuntimeError: reentrant call inside <_io.BufferedWriter name='/opt/***/logs/scraping_daft_tipperary/scrap_data/2021-12-25T10:50:00+00:00/1.log'>
[2021-12-26 12:15:31,838] {logging_mixin.py:109} WARNING - 
During handling of the above exception, another exception occurred:
[2021-12-26 12:15:32,079] {logging_mixin.py:109} WARNING - Traceback (most recent call last):
[2021-12-26 12:15:34,510] {logging_mixin.py:109} WARNING -   File "/usr/local/lib/python3.6/logging/__init__.py", line 998, in emit
    self.flush()
[2021-12-26 12:15:34,797] {logging_mixin.py:109} WARNING -   File "/usr/local/lib/python3.6/logging/__init__.py", line 978, in flush
    self.stream.flush()
[2021-12-26 12:15:34,861] {logging_mixin.py:109} WARNING - RuntimeError: reentrant call inside <_io.BufferedWriter name='/opt/***/logs/scraping_daft_tipperary/scrap_data/2021-12-25T10:50:00+00:00/1.log'>
[2021-12-26 12:15:34,893] {logging_mixin.py:109} WARNING - 
During handling of the above exception, another exception occurred:
[2021-12-26 12:15:35,151] {logging_mixin.py:109} WARNING - Traceback (most recent call last):
[2021-12-26 12:15:36,568] {logging_mixin.py:109} WARNING -   File "/usr/local/lib/python3.6/logging/__init__.py", line 998, in emit
    self.flush()
[2021-12-26 12:15:36,661] {logging_mixin.py:109} WARNING -   File "/usr/local/lib/python3.6/logging/__init__.py", line 978, in flush
    self.stream.flush()
[2021-12-26 12:15:37,707] {logging_mixin.py:109} WARNING - RuntimeError: reentrant call inside <_io.BufferedWriter name='/opt/***/logs/scraping_daft_tipperary/scrap_data/2021-12-25T10:50:00+00:00/1.log'>
[2021-12-26 12:15:44,848] {logging_mixin.py:109} WARNING - 
During handling of the above exception, another exception occurred:
[2021-12-26 12:15:52,275] {logging_mixin.py:109} WARNING - Traceback (most recent call last):
[2021-12-26 12:15:54,611] {logging_mixin.py:109} WARNING -   File "/usr/local/lib/python3.6/logging/__init__.py", line 998, in emit
    self.flush()
[2021-12-26 12:16:01,710] {logging_mixin.py:109} WARNING -   File "/usr/local/lib/python3.6/logging/__init__.py", line 978, in flush
    self.stream.flush()
[2021-12-26 12:16:03,373] {logging_mixin.py:109} WARNING - RuntimeError: reentrant call inside <_io.BufferedWriter name='/opt/***/logs/scraping_daft_tipperary/scrap_data/2021-12-25T10:50:00+00:00/1.log'>
[2021-12-26 12:16:03,972] {logging_mixin.py:109} WARNING - 
During handling of the above exception, another exception occurred:
[2021-12-26 12:16:03,990] {logging_mixin.py:109} WARNING - Traceback (most recent call last):
[2021-12-26 12:16:04,024] {logging_mixin.py:109} WARNING -   File "/usr/local/lib/python3.6/logging/__init__.py", line 998, in emit
    self.flush()
[2021-12-26 12:16:04,053] {logging_mixin.py:109} WARNING -   File "/usr/local/lib/python3.6/logging/__init__.py", line 978, in flush
    self.stream.flush()
[2021-12-26 12:16:04,110] {logging_mixin.py:109} WARNING - RuntimeError: reentrant call inside <_io.BufferedWriter name='/opt/***/logs/scraping_daft_tipperary/scrap_data/2021-12-25T10:50:00+00:00/1.log'>
[2021-12-26 12:16:04,285] {logging_mixin.py:109} WARNING - 
During handling of the above exception, another exception occurred:
[2021-12-26 12:16:04,394] {logging_mixin.py:109} WARNING - Traceback (most recent call last):
[2021-12-26 12:16:04,491] {logging_mixin.py:109} WARNING -   File "/usr/local/lib/python3.6/logging/__init__.py", line 998, in emit
    self.flush()
[2021-12-26 12:16:04,585] {logging_mixin.py:109} WARNING -   File "/usr/local/lib/python3.6/logging/__init__.py", line 978, in flush
    self.stream.flush()
[2021-12-26 12:16:04,781] {logging_mixin.py:109} WARNING - RuntimeError: reentrant call inside <_io.BufferedWriter name='/opt/***/logs/scraping_daft_tipperary/scrap_data/2021-12-25T10:50:00+00:00/1.log'>
[2021-12-26 12:16:04,918] {logging_mixin.py:109} WARNING - 
During handling of the above exception, another exception occurred:
[2021-12-26 12:16:05,268] {logging_mixin.py:109} WARNING - Traceback (most recent call last):
[2021-12-26 12:16:05,373] {logging_mixin.py:109} WARNING -   File "/usr/local/lib/python3.6/logging/__init__.py", line 998, in emit
    self.flush()
[2021-12-26 12:16:05,791] {logging_mixin.py:109} WARNING -   File "/usr/local/lib/python3.6/logging/__init__.py", line 978, in flush
    self.stream.flush()
[2021-12-26 12:16:05,923] {logging_mixin.py:109} WARNING - RuntimeError: reentrant call inside <_io.BufferedWriter name='/opt/***/logs/scraping_daft_tipperary/scrap_data/2021-12-25T10:50:00+00:00/1.log'>
[2021-12-26 12:16:06,143] {logging_mixin.py:109} WARNING - 
During handling of the above exception, another exception occurred:
[2021-12-26 12:16:06,673] {logging_mixin.py:109} WARNING - Traceback (most recent call last):
[2021-12-26 12:16:07,334] {logging_mixin.py:109} WARNING -   File "/usr/local/lib/python3.6/logging/__init__.py", line 998, in emit
    self.flush()
[2021-12-26 12:16:07,492] {logging_mixin.py:109} WARNING -   File "/usr/local/lib/python3.6/logging/__init__.py", line 978, in flush
    self.stream.flush()
[2021-12-26 12:16:08,120] {logging_mixin.py:109} WARNING - RuntimeError: reentrant call inside <_io.BufferedWriter name='/opt/***/logs/scraping_daft_tipperary/scrap_data/2021-12-25T10:50:00+00:00/1.log'>
[2021-12-26 12:16:08,485] {logging_mixin.py:109} WARNING - 
During handling of the above exception, another exception occurred:
[2021-12-26 12:16:08,551] {logging_mixin.py:109} WARNING - Traceback (most recent call last):
[2021-12-26 12:16:09,339] {logging_mixin.py:109} WARNING -   File "/usr/local/lib/python3.6/logging/__init__.py", line 998, in emit
    self.flush()
[2021-12-26 12:16:09,870] {logging_mixin.py:109} WARNING -   File "/usr/local/lib/python3.6/logging/__init__.py", line 978, in flush
    self.stream.flush()
[2021-12-26 12:16:10,189] {logging_mixin.py:109} WARNING - RuntimeError: reentrant call inside <_io.BufferedWriter name='/opt/***/logs/scraping_daft_tipperary/scrap_data/2021-12-25T10:50:00+00:00/1.log'>
[2021-12-26 12:16:10,240] {logging_mixin.py:109} WARNING - 
During handling of the above exception, another exception occurred:
[2021-12-26 12:16:10,400] {logging_mixin.py:109} WARNING - Traceback (most recent call last):
[2021-12-26 12:16:10,659] {logging_mixin.py:109} WARNING -   File "/usr/local/lib/python3.6/logging/__init__.py", line 998, in emit
    self.flush()
[2021-12-26 12:16:10,961] {logging_mixin.py:109} WARNING -   File "/usr/local/lib/python3.6/logging/__init__.py", line 978, in flush
    self.stream.flush()
[2021-12-26 12:16:11,539] {logging_mixin.py:109} WARNING - RuntimeError: reentrant call inside <_io.BufferedWriter name='/opt/***/logs/scraping_daft_tipperary/scrap_data/2021-12-25T10:50:00+00:00/1.log'>
[2021-12-26 12:16:12,773] {logging_mixin.py:109} WARNING - 
During handling of the above exception, another exception occurred:
[2021-12-26 12:16:17,012] {logging_mixin.py:109} WARNING - Traceback (most recent call last):
[2021-12-26 12:16:17,652] {logging_mixin.py:109} WARNING -   File "/usr/local/lib/python3.6/logging/__init__.py", line 998, in emit
    self.flush()
[2021-12-26 12:16:18,150] {logging_mixin.py:109} WARNING -   File "/usr/local/lib/python3.6/logging/__init__.py", line 978, in flush
    self.stream.flush()
[2021-12-26 12:16:18,805] {logging_mixin.py:109} WARNING - RuntimeError: reentrant call inside <_io.BufferedWriter name='/opt/***/logs/scraping_daft_tipperary/scrap_data/2021-12-25T10:50:00+00:00/1.log'>
[2021-12-26 12:16:19,142] {logging_mixin.py:109} WARNING - 
During handling of the above exception, another exception occurred:
[2021-12-26 12:16:19,489] {logging_mixin.py:109} WARNING - Traceback (most recent call last):
[2021-12-26 12:09:33,459] {process_utils.py:113} WARNING - process psutil.Process(pid=76449, name='java', status='zombie', started='10:58:05') did not respond to SIGTERM. Trying SIGKILL
[2021-12-26 12:17:21,026] {process_utils.py:113} WARNING - process psutil.Process(pid=76447, name='airflow task ru', status='disk-sleep', started='10:58:00') did not respond to SIGTERM. Trying SIGKILL
[2021-12-26 12:19:00,842] {process_utils.py:124} ERROR - Process psutil.Process(pid=76449, name='java', status='zombie', started='10:58:05') (76449) could not be killed. Giving up.
[2021-12-26 12:19:02,449] {process_utils.py:124} ERROR - Process psutil.Process(pid=76447, name='airflow task ru', status='disk-sleep', started='10:58:00') (76447) could not be killed. Giving up.
[2021-12-26 12:19:04,256] {standard_task_runner.py:135} ERROR - Job 4696 was killed before it finished (likely due to running out of memory)
