[2021-12-26 10:58:20,244] {taskinstance.py:1035} INFO - Dependencies all met for <TaskInstance: scraping_daft_sligo.scrap_data scheduled__2021-12-25T10:45:00+00:00 [queued]>
[2021-12-26 10:58:20,899] {taskinstance.py:1035} INFO - Dependencies all met for <TaskInstance: scraping_daft_sligo.scrap_data scheduled__2021-12-25T10:45:00+00:00 [queued]>
[2021-12-26 10:58:20,921] {taskinstance.py:1241} INFO - 
--------------------------------------------------------------------------------
[2021-12-26 10:58:20,936] {taskinstance.py:1242} INFO - Starting attempt 1 of 4
[2021-12-26 10:58:20,953] {taskinstance.py:1243} INFO - 
--------------------------------------------------------------------------------
[2021-12-26 10:58:22,630] {taskinstance.py:1262} INFO - Executing <Task(SparkSubmitOperator): scrap_data> on 2021-12-25 10:45:00+00:00
[2021-12-26 10:58:22,727] {standard_task_runner.py:52} INFO - Started process 76510 to run task
[2021-12-26 10:58:22,927] {standard_task_runner.py:76} INFO - Running: ['***', 'tasks', 'run', 'scraping_daft_sligo', 'scrap_data', 'scheduled__2021-12-25T10:45:00+00:00', '--job-id', '4701', '--raw', '--subdir', 'DAGS_FOLDER/scraping_daft_sligo.py', '--cfg-path', '/tmp/tmpctif1zrz', '--error-file', '/tmp/tmp5y39r6q8']
[2021-12-26 10:58:23,046] {standard_task_runner.py:77} INFO - Job 4701: Subtask scrap_data
[2021-12-26 10:58:25,688] {logging_mixin.py:109} INFO - Running <TaskInstance: scraping_daft_sligo.scrap_data scheduled__2021-12-25T10:45:00+00:00 [running]> on host dd6c6a1cba03
[2021-12-26 10:58:30,476] {taskinstance.py:1429} INFO - Exporting the following env vars:
AIRFLOW_CTX_DAG_EMAIL=clement.liscoet@gmail.com
AIRFLOW_CTX_DAG_OWNER=clemoni
AIRFLOW_CTX_DAG_ID=scraping_daft_sligo
AIRFLOW_CTX_TASK_ID=scrap_data
AIRFLOW_CTX_EXECUTION_DATE=2021-12-25T10:45:00+00:00
AIRFLOW_CTX_DAG_RUN_ID=scheduled__2021-12-25T10:45:00+00:00
[2021-12-26 10:58:31,602] {base.py:79} INFO - Using connection to: id: spark_default. Host: spark://spark:7077, Port: None, Schema: , Login: ***, Password: ***, extra: {}
[2021-12-26 10:58:31,931] {spark_submit.py:360} INFO - Spark-Submit cmd: spark-submit --master spark://spark:7077 --conf spark.master=spark://spark:7077 --name scrap data --verbose /opt/***/jobs/get_ads_per_county.py sligo
[2021-12-26 11:01:23,242] {spark_submit.py:514} INFO - Using properties file: null
[2021-12-26 11:01:37,406] {spark_submit.py:514} INFO - WARNING: An illegal reflective access operation has occurred
[2021-12-26 11:01:37,422] {spark_submit.py:514} INFO - WARNING: Illegal reflective access by org.apache.spark.unsafe.Platform (file:/home/***/.local/lib/python3.6/site-packages/pyspark/jars/spark-unsafe_2.12-3.2.0.jar) to constructor java.nio.DirectByteBuffer(long,int)
[2021-12-26 11:01:37,429] {spark_submit.py:514} INFO - WARNING: Please consider reporting this to the maintainers of org.apache.spark.unsafe.Platform
[2021-12-26 11:01:37,448] {spark_submit.py:514} INFO - WARNING: Use --illegal-access=warn to enable warnings of further illegal reflective access operations
[2021-12-26 11:01:37,463] {spark_submit.py:514} INFO - WARNING: All illegal access operations will be denied in a future release
[2021-12-26 11:01:41,226] {spark_submit.py:514} INFO - Parsed arguments:
[2021-12-26 11:01:41,232] {spark_submit.py:514} INFO - master                  spark://spark:7077
[2021-12-26 11:01:41,243] {spark_submit.py:514} INFO - deployMode              null
[2021-12-26 11:01:41,251] {spark_submit.py:514} INFO - executorMemory          null
[2021-12-26 11:01:41,258] {spark_submit.py:514} INFO - executorCores           null
[2021-12-26 11:01:41,273] {spark_submit.py:514} INFO - totalExecutorCores      null
[2021-12-26 11:01:41,283] {spark_submit.py:514} INFO - propertiesFile          null
[2021-12-26 11:01:41,291] {spark_submit.py:514} INFO - driverMemory            null
[2021-12-26 11:01:41,300] {spark_submit.py:514} INFO - driverCores             null
[2021-12-26 11:01:41,316] {spark_submit.py:514} INFO - driverExtraClassPath    null
[2021-12-26 11:01:41,332] {spark_submit.py:514} INFO - driverExtraLibraryPath  null
[2021-12-26 11:01:41,356] {spark_submit.py:514} INFO - driverExtraJavaOptions  null
[2021-12-26 11:01:41,369] {spark_submit.py:514} INFO - supervise               false
[2021-12-26 11:01:41,378] {spark_submit.py:514} INFO - queue                   null
[2021-12-26 11:01:41,394] {spark_submit.py:514} INFO - numExecutors            null
[2021-12-26 11:01:41,476] {spark_submit.py:514} INFO - files                   null
[2021-12-26 11:01:41,491] {spark_submit.py:514} INFO - pyFiles                 null
[2021-12-26 11:01:41,527] {spark_submit.py:514} INFO - archives                null
[2021-12-26 11:01:41,572] {spark_submit.py:514} INFO - mainClass               null
[2021-12-26 11:01:41,622] {spark_submit.py:514} INFO - primaryResource         file:/opt/***/jobs/get_ads_per_county.py
[2021-12-26 11:01:41,695] {spark_submit.py:514} INFO - name                    scrap data
[2021-12-26 11:01:41,772] {spark_submit.py:514} INFO - childArgs               [sligo]
[2021-12-26 11:01:41,796] {spark_submit.py:514} INFO - jars                    null
[2021-12-26 11:01:41,831] {spark_submit.py:514} INFO - packages                null
[2021-12-26 11:01:41,866] {spark_submit.py:514} INFO - packagesExclusions      null
[2021-12-26 11:01:41,908] {spark_submit.py:514} INFO - repositories            null
[2021-12-26 11:01:41,917] {spark_submit.py:514} INFO - verbose                 true
[2021-12-26 11:01:41,921] {spark_submit.py:514} INFO - 
[2021-12-26 11:01:41,925] {spark_submit.py:514} INFO - Spark properties used, including those specified through
[2021-12-26 11:01:41,958] {spark_submit.py:514} INFO - --conf and those from the properties file null:
[2021-12-26 11:01:41,981] {spark_submit.py:514} INFO - (spark.master,spark://spark:7077)
[2021-12-26 11:01:42,000] {spark_submit.py:514} INFO - 
[2021-12-26 11:01:42,011] {spark_submit.py:514} INFO - 
[2021-12-26 11:02:32,663] {spark_submit.py:514} INFO - Main class:
[2021-12-26 11:02:32,693] {spark_submit.py:514} INFO - org.apache.spark.deploy.PythonRunner
[2021-12-26 11:02:32,720] {spark_submit.py:514} INFO - Arguments:
[2021-12-26 11:02:32,743] {spark_submit.py:514} INFO - file:/opt/***/jobs/get_ads_per_county.py
[2021-12-26 11:02:32,760] {spark_submit.py:514} INFO - null
[2021-12-26 11:02:32,771] {spark_submit.py:514} INFO - sligo
[2021-12-26 11:02:32,790] {spark_submit.py:514} INFO - --verbose
[2021-12-26 11:02:33,281] {spark_submit.py:514} INFO - Spark config:
[2021-12-26 11:02:33,289] {spark_submit.py:514} INFO - (spark.app.name,scrap data)
[2021-12-26 11:02:33,306] {spark_submit.py:514} INFO - (spark.master,spark://spark:7077)
[2021-12-26 11:02:33,311] {spark_submit.py:514} INFO - (spark.submit.pyFiles,)
[2021-12-26 11:02:33,326] {spark_submit.py:514} INFO - (spark.submit.deployMode,client)
[2021-12-26 11:02:33,371] {spark_submit.py:514} INFO - Classpath elements:
[2021-12-26 11:02:33,389] {spark_submit.py:514} INFO - 
[2021-12-26 11:02:33,416] {spark_submit.py:514} INFO - 
[2021-12-26 11:02:33,424] {spark_submit.py:514} INFO - 
[2021-12-26 11:05:21,467] {spark_submit.py:514} INFO - Using Spark's default log4j profile: org/apache/spark/log4j-defaults.properties
[2021-12-26 11:05:24,298] {spark_submit.py:514} INFO - 21/12/26 11:05:24 INFO SparkContext: Running Spark version 3.2.0
[2021-12-26 11:05:42,079] {spark_submit.py:514} INFO - 21/12/26 11:05:42 WARN NativeCodeLoader: Unable to load native-hadoop library for your platform... using builtin-java classes where applicable
[2021-12-26 11:06:09,226] {spark_submit.py:514} INFO - 21/12/26 11:06:09 INFO ResourceUtils: ==============================================================
[2021-12-26 11:06:09,337] {spark_submit.py:514} INFO - 21/12/26 11:06:09 INFO ResourceUtils: No custom resources configured for spark.driver.
[2021-12-26 11:06:09,398] {spark_submit.py:514} INFO - 21/12/26 11:06:09 INFO ResourceUtils: ==============================================================
[2021-12-26 11:06:09,534] {spark_submit.py:514} INFO - 21/12/26 11:06:09 INFO SparkContext: Submitted application: Get Ads per county
[2021-12-26 11:06:12,936] {spark_submit.py:514} INFO - 21/12/26 11:06:12 INFO ResourceProfile: Default ResourceProfile created, executor resources: Map(cores -> name: cores, amount: 1, script: , vendor: , memory -> name: memory, amount: 1024, script: , vendor: , offHeap -> name: offHeap, amount: 0, script: , vendor: ), task resources: Map(cpus -> name: cpus, amount: 1.0)
[2021-12-26 11:06:14,040] {spark_submit.py:514} INFO - 21/12/26 11:06:13 INFO ResourceProfile: Limiting resource is cpu
[2021-12-26 11:06:14,107] {spark_submit.py:514} INFO - 21/12/26 11:06:13 INFO ResourceProfileManager: Added ResourceProfile id: 0
[2021-12-26 11:06:23,565] {spark_submit.py:514} INFO - 21/12/26 11:06:23 INFO SecurityManager: Changing view acls to: ***
[2021-12-26 11:06:23,760] {spark_submit.py:514} INFO - 21/12/26 11:06:23 INFO SecurityManager: Changing modify acls to: ***
[2021-12-26 11:06:23,995] {spark_submit.py:514} INFO - 21/12/26 11:06:23 INFO SecurityManager: Changing view acls groups to:
[2021-12-26 11:06:24,296] {spark_submit.py:514} INFO - 21/12/26 11:06:24 INFO SecurityManager: Changing modify acls groups to:
[2021-12-26 11:06:24,450] {spark_submit.py:514} INFO - 21/12/26 11:06:24 INFO SecurityManager: SecurityManager: authentication disabled; ui acls disabled; users  with view permissions: Set(***); groups with view permissions: Set(); users  with modify permissions: Set(***); groups with modify permissions: Set()
[2021-12-26 11:07:48,462] {spark_submit.py:514} INFO - 21/12/26 11:07:48 INFO Utils: Successfully started service 'sparkDriver' on port 38377.
[2021-12-26 11:07:55,358] {spark_submit.py:514} INFO - 21/12/26 11:07:55 INFO SparkEnv: Registering MapOutputTracker
[2021-12-26 11:08:05,955] {spark_submit.py:514} INFO - 21/12/26 11:08:05 INFO SparkEnv: Registering BlockManagerMaster
[2021-12-26 11:08:11,049] {spark_submit.py:514} INFO - 21/12/26 11:08:10 INFO BlockManagerMasterEndpoint: Using org.apache.spark.storage.DefaultTopologyMapper for getting topology information
[2021-12-26 11:08:11,268] {spark_submit.py:514} INFO - 21/12/26 11:08:11 INFO BlockManagerMasterEndpoint: BlockManagerMasterEndpoint up
[2021-12-26 11:08:13,052] {spark_submit.py:514} INFO - 21/12/26 11:08:13 INFO SparkEnv: Registering BlockManagerMasterHeartbeat
[2021-12-26 11:08:21,685] {spark_submit.py:514} INFO - 21/12/26 11:08:21 INFO DiskBlockManager: Created local directory at /tmp/blockmgr-d192b422-0bb3-40ed-a779-0b0ebe5d2dda
[2021-12-26 11:08:29,276] {spark_submit.py:514} INFO - 21/12/26 11:08:29 INFO MemoryStore: MemoryStore started with capacity 434.4 MiB
[2021-12-26 11:08:36,884] {spark_submit.py:514} INFO - 21/12/26 11:08:36 INFO SparkEnv: Registering OutputCommitCoordinator
[2021-12-26 11:09:44,227] {spark_submit.py:514} INFO - 21/12/26 11:09:44 WARN Utils: Service 'SparkUI' could not bind on port 4040. Attempting port 4041.
[2021-12-26 11:09:44,275] {spark_submit.py:514} INFO - 21/12/26 11:09:44 WARN Utils: Service 'SparkUI' could not bind on port 4041. Attempting port 4042.
[2021-12-26 11:09:44,391] {spark_submit.py:514} INFO - 21/12/26 11:09:44 WARN Utils: Service 'SparkUI' could not bind on port 4042. Attempting port 4043.
[2021-12-26 11:09:44,476] {spark_submit.py:514} INFO - 21/12/26 11:09:44 WARN Utils: Service 'SparkUI' could not bind on port 4043. Attempting port 4044.
[2021-12-26 11:09:47,052] {spark_submit.py:514} INFO - 21/12/26 11:09:47 INFO Utils: Successfully started service 'SparkUI' on port 4044.
[2021-12-26 11:10:15,651] {spark_submit.py:514} INFO - 21/12/26 11:10:15 INFO SparkUI: Bound SparkUI to 0.0.0.0, and started at http://dd6c6a1cba03:4044
[2021-12-26 11:21:34,550] {base_job.py:230} ERROR - LocalTaskJob heartbeat got an exception
Traceback (most recent call last):
  File "/home/airflow/.local/lib/python3.6/site-packages/sqlalchemy/engine/base.py", line 2336, in _wrap_pool_connect
    return fn()
  File "/home/airflow/.local/lib/python3.6/site-packages/sqlalchemy/pool/base.py", line 364, in connect
    return _ConnectionFairy._checkout(self)
  File "/home/airflow/.local/lib/python3.6/site-packages/sqlalchemy/pool/base.py", line 778, in _checkout
    fairy = _ConnectionRecord.checkout(pool)
  File "/home/airflow/.local/lib/python3.6/site-packages/sqlalchemy/pool/base.py", line 495, in checkout
    rec = pool._do_get()
  File "/home/airflow/.local/lib/python3.6/site-packages/sqlalchemy/pool/impl.py", line 241, in _do_get
    return self._create_connection()
  File "/home/airflow/.local/lib/python3.6/site-packages/sqlalchemy/pool/base.py", line 309, in _create_connection
    return _ConnectionRecord(self)
  File "/home/airflow/.local/lib/python3.6/site-packages/sqlalchemy/pool/base.py", line 440, in __init__
    self.__connect(first_connect_check=True)
  File "/home/airflow/.local/lib/python3.6/site-packages/sqlalchemy/pool/base.py", line 661, in __connect
    pool.logger.debug("Error on connect(): %s", e)
  File "/home/airflow/.local/lib/python3.6/site-packages/sqlalchemy/util/langhelpers.py", line 70, in __exit__
    with_traceback=exc_tb,
  File "/home/airflow/.local/lib/python3.6/site-packages/sqlalchemy/util/compat.py", line 182, in raise_
    raise exception
  File "/home/airflow/.local/lib/python3.6/site-packages/sqlalchemy/pool/base.py", line 656, in __connect
    connection = pool._invoke_creator(self)
  File "/home/airflow/.local/lib/python3.6/site-packages/sqlalchemy/engine/strategies.py", line 114, in connect
    return dialect.connect(*cargs, **cparams)
  File "/home/airflow/.local/lib/python3.6/site-packages/sqlalchemy/engine/default.py", line 508, in connect
    return self.dbapi.connect(*cargs, **cparams)
  File "/home/airflow/.local/lib/python3.6/site-packages/psycopg2/__init__.py", line 122, in connect
    conn = _connect(dsn, connection_factory=connection_factory, **kwasync)
psycopg2.OperationalError: server closed the connection unexpectedly
	This probably means the server terminated abnormally
	before or while processing the request.


The above exception was the direct cause of the following exception:

Traceback (most recent call last):
  File "/home/airflow/.local/lib/python3.6/site-packages/airflow/jobs/base_job.py", line 220, in heartbeat
    session.merge(self)
  File "/home/airflow/.local/lib/python3.6/site-packages/sqlalchemy/orm/session.py", line 2171, in merge
    _resolve_conflict_map=_resolve_conflict_map,
  File "/home/airflow/.local/lib/python3.6/site-packages/sqlalchemy/orm/session.py", line 2244, in _merge
    merged = self.query(mapper.class_).get(key[1])
  File "/home/airflow/.local/lib/python3.6/site-packages/sqlalchemy/orm/query.py", line 1018, in get
    return self._get_impl(ident, loading.load_on_pk_identity)
  File "/home/airflow/.local/lib/python3.6/site-packages/sqlalchemy/orm/query.py", line 1135, in _get_impl
    return db_load_fn(self, primary_key_identity)
  File "/home/airflow/.local/lib/python3.6/site-packages/sqlalchemy/orm/loading.py", line 286, in load_on_pk_identity
    return q.one()
  File "/home/airflow/.local/lib/python3.6/site-packages/sqlalchemy/orm/query.py", line 3490, in one
    ret = self.one_or_none()
  File "/home/airflow/.local/lib/python3.6/site-packages/sqlalchemy/orm/query.py", line 3459, in one_or_none
    ret = list(self)
  File "/home/airflow/.local/lib/python3.6/site-packages/sqlalchemy/orm/query.py", line 3535, in __iter__
    return self._execute_and_instances(context)
  File "/home/airflow/.local/lib/python3.6/site-packages/sqlalchemy/orm/query.py", line 3557, in _execute_and_instances
    querycontext, self._connection_from_session, close_with_result=True
  File "/home/airflow/.local/lib/python3.6/site-packages/sqlalchemy/orm/query.py", line 3572, in _get_bind_args
    mapper=self._bind_mapper(), clause=querycontext.statement, **kw
  File "/home/airflow/.local/lib/python3.6/site-packages/sqlalchemy/orm/query.py", line 3550, in _connection_from_session
    conn = self.session.connection(**kw)
  File "/home/airflow/.local/lib/python3.6/site-packages/sqlalchemy/orm/session.py", line 1145, in connection
    execution_options=execution_options,
  File "/home/airflow/.local/lib/python3.6/site-packages/sqlalchemy/orm/session.py", line 1151, in _connection_for_bind
    engine, execution_options
  File "/home/airflow/.local/lib/python3.6/site-packages/sqlalchemy/orm/session.py", line 433, in _connection_for_bind
    conn = bind._contextual_connect()
  File "/home/airflow/.local/lib/python3.6/site-packages/sqlalchemy/engine/base.py", line 2302, in _contextual_connect
    self._wrap_pool_connect(self.pool.connect, None),
  File "/home/airflow/.local/lib/python3.6/site-packages/sqlalchemy/engine/base.py", line 2340, in _wrap_pool_connect
    e, dialect, self
  File "/home/airflow/.local/lib/python3.6/site-packages/sqlalchemy/engine/base.py", line 1584, in _handle_dbapi_exception_noconnection
    sqlalchemy_exception, with_traceback=exc_info[2], from_=e
  File "/home/airflow/.local/lib/python3.6/site-packages/sqlalchemy/util/compat.py", line 182, in raise_
    raise exception
  File "/home/airflow/.local/lib/python3.6/site-packages/sqlalchemy/engine/base.py", line 2336, in _wrap_pool_connect
    return fn()
  File "/home/airflow/.local/lib/python3.6/site-packages/sqlalchemy/pool/base.py", line 364, in connect
    return _ConnectionFairy._checkout(self)
  File "/home/airflow/.local/lib/python3.6/site-packages/sqlalchemy/pool/base.py", line 778, in _checkout
    fairy = _ConnectionRecord.checkout(pool)
  File "/home/airflow/.local/lib/python3.6/site-packages/sqlalchemy/pool/base.py", line 495, in checkout
    rec = pool._do_get()
  File "/home/airflow/.local/lib/python3.6/site-packages/sqlalchemy/pool/impl.py", line 241, in _do_get
    return self._create_connection()
  File "/home/airflow/.local/lib/python3.6/site-packages/sqlalchemy/pool/base.py", line 309, in _create_connection
    return _ConnectionRecord(self)
  File "/home/airflow/.local/lib/python3.6/site-packages/sqlalchemy/pool/base.py", line 440, in __init__
    self.__connect(first_connect_check=True)
  File "/home/airflow/.local/lib/python3.6/site-packages/sqlalchemy/pool/base.py", line 661, in __connect
    pool.logger.debug("Error on connect(): %s", e)
  File "/home/airflow/.local/lib/python3.6/site-packages/sqlalchemy/util/langhelpers.py", line 70, in __exit__
    with_traceback=exc_tb,
  File "/home/airflow/.local/lib/python3.6/site-packages/sqlalchemy/util/compat.py", line 182, in raise_
    raise exception
  File "/home/airflow/.local/lib/python3.6/site-packages/sqlalchemy/pool/base.py", line 656, in __connect
    connection = pool._invoke_creator(self)
  File "/home/airflow/.local/lib/python3.6/site-packages/sqlalchemy/engine/strategies.py", line 114, in connect
    return dialect.connect(*cargs, **cparams)
  File "/home/airflow/.local/lib/python3.6/site-packages/sqlalchemy/engine/default.py", line 508, in connect
    return self.dbapi.connect(*cargs, **cparams)
  File "/home/airflow/.local/lib/python3.6/site-packages/psycopg2/__init__.py", line 122, in connect
    conn = _connect(dsn, connection_factory=connection_factory, **kwasync)
sqlalchemy.exc.OperationalError: (psycopg2.OperationalError) server closed the connection unexpectedly
	This probably means the server terminated abnormally
	before or while processing the request.

(Background on this error at: http://sqlalche.me/e/13/e3q8)
[2021-12-26 11:27:42,988] {local_task_job.py:142} ERROR - Heartbeat time limit exceeded!
[2021-12-26 11:33:22,373] {process_utils.py:100} INFO - Sending Signals.SIGTERM to GPID 76510
[2021-12-26 11:34:39,168] {taskinstance.py:1411} ERROR - Received SIGTERM. Terminating subprocesses.
[2021-12-26 11:35:53,375] {spark_submit.py:644} INFO - Sending kill signal to spark-submit
[2021-12-26 11:36:17,745] {process_utils.py:113} WARNING - process psutil.Process(pid=76579, name='java', status='running', started='10:58:31') did not respond to SIGTERM. Trying SIGKILL
[2021-12-26 11:48:34,059] {process_utils.py:113} WARNING - process psutil.Process(pid=76956, status='terminated', started='11:02:40') did not respond to SIGTERM. Trying SIGKILL
[2021-12-26 11:50:35,438] {process_utils.py:113} WARNING - process psutil.Process(pid=76510, name='airflow task ru', status='running', started='10:58:22') did not respond to SIGTERM. Trying SIGKILL
[2021-12-26 11:53:38,416] {process_utils.py:66} INFO - Process psutil.Process(pid=76956, status='terminated', started='11:02:40') (76956) terminated with exit code None
[2021-12-26 11:53:58,616] {process_utils.py:124} ERROR - Process psutil.Process(pid=76579, name='java', status='zombie', started='10:58:31') (76579) could not be killed. Giving up.
[2021-12-26 11:53:59,370] {process_utils.py:124} ERROR - Process psutil.Process(pid=76510, name='airflow task ru', status='running', started='10:58:22') (76510) could not be killed. Giving up.
[2021-12-26 11:54:19,811] {standard_task_runner.py:135} ERROR - Job 4701 was killed before it finished (likely due to running out of memory)
