[2021-12-14 02:24:11,097] {taskinstance.py:1035} INFO - Dependencies all met for <TaskInstance: scraping_daft_galway.scrap_data scheduled__2021-12-13T01:45:00+00:00 [queued]>
[2021-12-14 02:24:12,433] {taskinstance.py:1035} INFO - Dependencies all met for <TaskInstance: scraping_daft_galway.scrap_data scheduled__2021-12-13T01:45:00+00:00 [queued]>
[2021-12-14 02:24:12,447] {taskinstance.py:1241} INFO - 
--------------------------------------------------------------------------------
[2021-12-14 02:24:12,456] {taskinstance.py:1242} INFO - Starting attempt 2 of 4
[2021-12-14 02:24:12,473] {taskinstance.py:1243} INFO - 
--------------------------------------------------------------------------------
[2021-12-14 02:24:13,244] {taskinstance.py:1262} INFO - Executing <Task(SparkSubmitOperator): scrap_data> on 2021-12-13 01:45:00+00:00
[2021-12-14 02:24:13,751] {standard_task_runner.py:76} INFO - Running: ['***', 'tasks', 'run', 'scraping_daft_galway', 'scrap_data', 'scheduled__2021-12-13T01:45:00+00:00', '--job-id', '2064', '--raw', '--subdir', 'DAGS_FOLDER/scraping_daft_galway.py', '--cfg-path', '/tmp/tmp4ht3lagb', '--error-file', '/tmp/tmpeuq2or19']
[2021-12-14 02:24:13,771] {standard_task_runner.py:77} INFO - Job 2064: Subtask scrap_data
[2021-12-14 02:24:13,483] {standard_task_runner.py:52} INFO - Started process 31452 to run task
[2021-12-14 02:24:17,062] {logging_mixin.py:109} INFO - Running <TaskInstance: scraping_daft_galway.scrap_data scheduled__2021-12-13T01:45:00+00:00 [running]> on host c81f81825bc0
[2021-12-14 02:24:23,461] {taskinstance.py:1429} INFO - Exporting the following env vars:
AIRFLOW_CTX_DAG_EMAIL=clement.liscoet@gmail.com
AIRFLOW_CTX_DAG_OWNER=clemoni
AIRFLOW_CTX_DAG_ID=scraping_daft_galway
AIRFLOW_CTX_TASK_ID=scrap_data
AIRFLOW_CTX_EXECUTION_DATE=2021-12-13T01:45:00+00:00
AIRFLOW_CTX_DAG_RUN_ID=scheduled__2021-12-13T01:45:00+00:00
[2021-12-14 02:24:24,303] {base.py:79} INFO - Using connection to: id: spark_default. Host: spark://spark:7077, Port: None, Schema: , Login: ***, Password: ***, extra: {}
[2021-12-14 02:24:24,467] {spark_submit.py:360} INFO - Spark-Submit cmd: spark-submit --master spark://spark:7077 --conf spark.master=spark://spark:7077 --name scrap data --verbose /opt/***/jobs/get_ads_per_county.py galway
[2021-12-14 02:25:35,319] {spark_submit.py:514} INFO - Using properties file: null
[2021-12-14 02:25:40,283] {spark_submit.py:514} INFO - WARNING: An illegal reflective access operation has occurred
[2021-12-14 02:25:40,292] {spark_submit.py:514} INFO - WARNING: Illegal reflective access by org.apache.spark.unsafe.Platform (file:/home/***/.local/lib/python3.6/site-packages/pyspark/jars/spark-unsafe_2.12-3.2.0.jar) to constructor java.nio.DirectByteBuffer(long,int)
[2021-12-14 02:25:40,297] {spark_submit.py:514} INFO - WARNING: Please consider reporting this to the maintainers of org.apache.spark.unsafe.Platform
[2021-12-14 02:25:40,306] {spark_submit.py:514} INFO - WARNING: Use --illegal-access=warn to enable warnings of further illegal reflective access operations
[2021-12-14 02:25:40,313] {spark_submit.py:514} INFO - WARNING: All illegal access operations will be denied in a future release
[2021-12-14 02:25:43,194] {spark_submit.py:514} INFO - Parsed arguments:
[2021-12-14 02:25:43,205] {spark_submit.py:514} INFO - master                  spark://spark:7077
[2021-12-14 02:25:43,212] {spark_submit.py:514} INFO - deployMode              null
[2021-12-14 02:25:43,220] {spark_submit.py:514} INFO - executorMemory          null
[2021-12-14 02:25:43,227] {spark_submit.py:514} INFO - executorCores           null
[2021-12-14 02:25:43,236] {spark_submit.py:514} INFO - totalExecutorCores      null
[2021-12-14 02:25:43,256] {spark_submit.py:514} INFO - propertiesFile          null
[2021-12-14 02:25:43,265] {spark_submit.py:514} INFO - driverMemory            null
[2021-12-14 02:25:43,268] {spark_submit.py:514} INFO - driverCores             null
[2021-12-14 02:25:43,278] {spark_submit.py:514} INFO - driverExtraClassPath    null
[2021-12-14 02:25:43,295] {spark_submit.py:514} INFO - driverExtraLibraryPath  null
[2021-12-14 02:25:43,347] {spark_submit.py:514} INFO - driverExtraJavaOptions  null
[2021-12-14 02:25:43,355] {spark_submit.py:514} INFO - supervise               false
[2021-12-14 02:25:43,360] {spark_submit.py:514} INFO - queue                   null
[2021-12-14 02:25:43,367] {spark_submit.py:514} INFO - numExecutors            null
[2021-12-14 02:25:43,375] {spark_submit.py:514} INFO - files                   null
[2021-12-14 02:25:43,382] {spark_submit.py:514} INFO - pyFiles                 null
[2021-12-14 02:25:43,388] {spark_submit.py:514} INFO - archives                null
[2021-12-14 02:25:43,394] {spark_submit.py:514} INFO - mainClass               null
[2021-12-14 02:25:43,398] {spark_submit.py:514} INFO - primaryResource         file:/opt/***/jobs/get_ads_per_county.py
[2021-12-14 02:25:43,403] {spark_submit.py:514} INFO - name                    scrap data
[2021-12-14 02:25:43,409] {spark_submit.py:514} INFO - childArgs               [galway]
[2021-12-14 02:25:43,419] {spark_submit.py:514} INFO - jars                    null
[2021-12-14 02:25:43,422] {spark_submit.py:514} INFO - packages                null
[2021-12-14 02:25:43,428] {spark_submit.py:514} INFO - packagesExclusions      null
[2021-12-14 02:25:43,439] {spark_submit.py:514} INFO - repositories            null
[2021-12-14 02:25:43,447] {spark_submit.py:514} INFO - verbose                 true
[2021-12-14 02:25:43,459] {spark_submit.py:514} INFO - 
[2021-12-14 02:25:43,470] {spark_submit.py:514} INFO - Spark properties used, including those specified through
[2021-12-14 02:25:43,476] {spark_submit.py:514} INFO - --conf and those from the properties file null:
[2021-12-14 02:25:43,487] {spark_submit.py:514} INFO - (spark.master,spark://spark:7077)
[2021-12-14 02:25:43,500] {spark_submit.py:514} INFO - 
[2021-12-14 02:25:43,512] {spark_submit.py:514} INFO - 
[2021-12-14 02:41:02,875] {spark_submit.py:514} INFO - Main class:
[2021-12-14 02:41:02,897] {spark_submit.py:514} INFO - org.apache.spark.deploy.PythonRunner
[2021-12-14 02:41:03,023] {spark_submit.py:514} INFO - Arguments:
[2021-12-14 02:41:03,043] {spark_submit.py:514} INFO - file:/opt/***/jobs/get_ads_per_county.py
[2021-12-14 02:41:03,061] {spark_submit.py:514} INFO - null
[2021-12-14 02:41:03,071] {spark_submit.py:514} INFO - galway
[2021-12-14 02:41:03,088] {spark_submit.py:514} INFO - --verbose
[2021-12-14 02:41:03,321] {spark_submit.py:514} INFO - Spark config:
[2021-12-14 02:41:03,363] {spark_submit.py:514} INFO - (spark.app.name,scrap data)
[2021-12-14 02:41:03,384] {spark_submit.py:514} INFO - (spark.master,spark://spark:7077)
[2021-12-14 02:41:03,397] {spark_submit.py:514} INFO - (spark.submit.pyFiles,)
[2021-12-14 02:41:03,426] {spark_submit.py:514} INFO - (spark.submit.deployMode,client)
[2021-12-14 02:41:03,459] {spark_submit.py:514} INFO - Classpath elements:
[2021-12-14 02:41:03,481] {spark_submit.py:514} INFO - 
[2021-12-14 02:41:03,509] {spark_submit.py:514} INFO - 
[2021-12-14 02:41:03,532] {spark_submit.py:514} INFO - 
[2021-12-14 02:41:10,191] {local_task_job.py:212} WARNING - State of this instance has been externally set to up_for_retry. Terminating instance.
[2021-12-14 02:41:10,304] {process_utils.py:100} INFO - Sending Signals.SIGTERM to GPID 31452
[2021-12-14 02:41:10,339] {taskinstance.py:1411} ERROR - Received SIGTERM. Terminating subprocesses.
[2021-12-14 02:41:10,366] {spark_submit.py:644} INFO - Sending kill signal to spark-submit
[2021-12-14 02:41:11,056] {process_utils.py:66} INFO - Process psutil.Process(pid=31803, status='terminated', started='02:26:11') (31803) terminated with exit code None
[2021-12-14 02:41:11,915] {taskinstance.py:1703} ERROR - Task failed with exception
Traceback (most recent call last):
  File "/home/airflow/.local/lib/python3.6/site-packages/airflow/models/taskinstance.py", line 1332, in _run_raw_task
    self._execute_task_with_callbacks(context)
  File "/home/airflow/.local/lib/python3.6/site-packages/airflow/models/taskinstance.py", line 1458, in _execute_task_with_callbacks
    result = self._execute_task(context, self.task)
  File "/home/airflow/.local/lib/python3.6/site-packages/airflow/models/taskinstance.py", line 1514, in _execute_task
    result = execute_callable(context=context)
  File "/home/airflow/.local/lib/python3.6/site-packages/airflow/providers/apache/spark/operators/spark_submit.py", line 179, in execute
    self._hook.submit(self._application)
  File "/home/airflow/.local/lib/python3.6/site-packages/airflow/providers/apache/spark/hooks/spark_submit.py", line 433, in submit
    self._process_spark_submit_log(iter(self._submit_sp.stdout))  # type: ignore
  File "/home/airflow/.local/lib/python3.6/site-packages/airflow/providers/apache/spark/hooks/spark_submit.py", line 482, in _process_spark_submit_log
    for line in itr:
  File "/home/airflow/.local/lib/python3.6/site-packages/airflow/models/taskinstance.py", line 1413, in signal_handler
    raise AirflowException("Task received SIGTERM signal")
airflow.exceptions.AirflowException: Task received SIGTERM signal
[2021-12-14 02:41:13,581] {taskinstance.py:1280} INFO - Marking task as UP_FOR_RETRY. dag_id=scraping_daft_galway, task_id=scrap_data, execution_date=20211213T014500, start_date=20211214T022411, end_date=20211214T024113
[2021-12-14 02:41:13,854] {standard_task_runner.py:91} ERROR - Failed to execute job 2064 for task scrap_data
Traceback (most recent call last):
  File "/home/airflow/.local/lib/python3.6/site-packages/airflow/task/task_runner/standard_task_runner.py", line 85, in _start_by_fork
    args.func(args, dag=self.dag)
  File "/home/airflow/.local/lib/python3.6/site-packages/airflow/cli/cli_parser.py", line 48, in command
    return func(*args, **kwargs)
  File "/home/airflow/.local/lib/python3.6/site-packages/airflow/utils/cli.py", line 92, in wrapper
    return f(*args, **kwargs)
  File "/home/airflow/.local/lib/python3.6/site-packages/airflow/cli/commands/task_command.py", line 292, in task_run
    _run_task_by_selected_method(args, dag, ti)
  File "/home/airflow/.local/lib/python3.6/site-packages/airflow/cli/commands/task_command.py", line 107, in _run_task_by_selected_method
    _run_raw_task(args, ti)
  File "/home/airflow/.local/lib/python3.6/site-packages/airflow/cli/commands/task_command.py", line 184, in _run_raw_task
    error_file=args.error_file,
  File "/home/airflow/.local/lib/python3.6/site-packages/airflow/utils/session.py", line 70, in wrapper
    return func(*args, session=session, **kwargs)
  File "/home/airflow/.local/lib/python3.6/site-packages/airflow/models/taskinstance.py", line 1332, in _run_raw_task
    self._execute_task_with_callbacks(context)
  File "/home/airflow/.local/lib/python3.6/site-packages/airflow/models/taskinstance.py", line 1458, in _execute_task_with_callbacks
    result = self._execute_task(context, self.task)
  File "/home/airflow/.local/lib/python3.6/site-packages/airflow/models/taskinstance.py", line 1514, in _execute_task
    result = execute_callable(context=context)
  File "/home/airflow/.local/lib/python3.6/site-packages/airflow/providers/apache/spark/operators/spark_submit.py", line 179, in execute
    self._hook.submit(self._application)
  File "/home/airflow/.local/lib/python3.6/site-packages/airflow/providers/apache/spark/hooks/spark_submit.py", line 433, in submit
    self._process_spark_submit_log(iter(self._submit_sp.stdout))  # type: ignore
  File "/home/airflow/.local/lib/python3.6/site-packages/airflow/providers/apache/spark/hooks/spark_submit.py", line 482, in _process_spark_submit_log
    for line in itr:
  File "/home/airflow/.local/lib/python3.6/site-packages/airflow/models/taskinstance.py", line 1413, in signal_handler
    raise AirflowException("Task received SIGTERM signal")
airflow.exceptions.AirflowException: Task received SIGTERM signal
[2021-12-14 02:41:14,185] {process_utils.py:66} INFO - Process psutil.Process(pid=31482, status='terminated', started='02:24:24') (31482) terminated with exit code None
[2021-12-14 02:41:14,194] {process_utils.py:66} INFO - Process psutil.Process(pid=31452, status='terminated', exitcode=1, started='02:24:13') (31452) terminated with exit code 1
